{"meta": {"format": 3, "version": "7.13.5", "timestamp": "2026-03-22T19:55:26.667145", "branch_coverage": true, "show_contexts": false}, "files": {"src/rheonic/__init__.py": {"executed_lines": [2, 3, 4, 5, 6, 7, 9], "summary": {"covered_lines": 7, "num_statements": 7, "percent_covered": 100.0, "percent_covered_display": "100", "missing_lines": 0, "excluded_lines": 0, "percent_statements_covered": 100.0, "percent_statements_covered_display": "100", "num_branches": 0, "num_partial_branches": 0, "covered_branches": 0, "missing_branches": 0, "percent_branches_covered": 100.0, "percent_branches_covered_display": "100"}, "missing_lines": [], "excluded_lines": [], "executed_branches": [], "missing_branches": [], "functions": {"": {"executed_lines": [2, 3, 4, 5, 6, 7, 9], "summary": {"covered_lines": 7, "num_statements": 7, "percent_covered": 100.0, "percent_covered_display": "100", "missing_lines": 0, "excluded_lines": 0, "percent_statements_covered": 100.0, "percent_statements_covered_display": "100", "num_branches": 0, "num_partial_branches": 0, "covered_branches": 0, "missing_branches": 0, "percent_branches_covered": 100.0, "percent_branches_covered_display": "100"}, "missing_lines": [], "excluded_lines": [], "start_line": 1, "executed_branches": [], "missing_branches": []}}, "classes": {"": {"executed_lines": [2, 3, 4, 5, 6, 7, 9], "summary": {"covered_lines": 7, "num_statements": 7, "percent_covered": 100.0, "percent_covered_display": "100", "missing_lines": 0, "excluded_lines": 0, "percent_statements_covered": 100.0, "percent_statements_covered_display": "100", "num_branches": 0, "num_partial_branches": 0, "covered_branches": 0, "missing_branches": 0, "percent_branches_covered": 100.0, "percent_branches_covered_display": "100"}, "missing_lines": [], "excluded_lines": [], "start_line": 1, "executed_branches": [], "missing_branches": []}}}, "src/rheonic/client.py": {"executed_lines": [2, 3, 4, 5, 6, 7, 8, 9, 10, 12, 13, 17, 18, 28, 29, 31, 33, 35, 38, 41, 42, 47, 50, 60, 69, 74, 77, 78, 80, 87, 93, 94, 95, 96, 97, 99, 105, 110, 111, 112, 113, 114, 116, 120, 123, 124, 127, 130, 133, 135, 144, 150, 152, 153, 156, 159, 173, 174, 175, 176, 181, 182, 183, 184, 185, 186, 187, 188, 189, 191, 192, 193, 194, 195, 196, 199, 200, 201, 204, 205, 206, 207, 210, 220, 221, 222, 223, 224, 225, 237, 239, 240, 241, 242, 243, 244, 245, 246, 248, 249, 250, 251, 252, 253, 255, 257, 258, 259, 260, 261, 262, 263, 264, 265, 266, 271, 273, 274, 275, 276, 277, 278, 279, 280, 281, 286, 288, 289, 296, 298, 299, 300, 301, 302, 306, 307, 309, 311, 312, 313, 314, 315, 316, 317, 319, 321, 322, 323, 328, 329, 330, 331, 332, 333, 334, 337, 339, 357, 375, 393, 395, 398, 400, 401, 402, 403, 404, 406, 407, 408, 409, 411, 412, 413, 414, 415, 417, 419, 421, 422, 423, 433, 434, 435, 436, 437, 438, 439, 440, 441, 442, 444, 447, 450, 463, 464, 465, 476, 479, 481, 484, 486, 487, 488, 489], "summary": {"covered_lines": 205, "num_statements": 227, "percent_covered": 89.96282527881041, "percent_covered_display": "90", "missing_lines": 22, "excluded_lines": 14, "percent_statements_covered": 90.30837004405286, "percent_statements_covered_display": "90", "num_branches": 42, "num_partial_branches": 5, "covered_branches": 37, "missing_branches": 5, "percent_branches_covered": 88.0952380952381, "percent_branches_covered_display": "88"}, "missing_lines": [117, 142, 202, 209, 233, 234, 235, 267, 268, 269, 282, 283, 284, 335, 336, 347, 349, 365, 367, 383, 385, 396], "excluded_lines": [14, 15, 44, 45, 46, 58, 59, 67, 68, 71, 72, 73, 131, 132], "executed_branches": [[201, 204], [204, 205], [204, 206], [206, 207], [243, 244], [243, 250], [244, 245], [244, 248], [260, 261], [260, 262], [263, 264], [263, 265], [274, 275], [274, 276], [278, 279], [298, 299], [298, 300], [300, 301], [300, 307], [315, 316], [315, 317], [395, -393], [401, 402], [401, 406], [406, 407], [406, 411], [414, 415], [414, 417], [434, 435], [434, 436], [436, 437], [436, 438], [440, 441], [463, 464], [463, 465], [487, 488], [487, 489]], "missing_branches": [[201, 202], [206, 209], [278, 280], [395, 396], [440, 442]], "functions": {"HttpResponse.status_code": {"executed_lines": [], "summary": {"covered_lines": 0, "num_statements": 0, "percent_covered": 100.0, "percent_covered_display": "100", "missing_lines": 0, "excluded_lines": 1, "percent_statements_covered": 100.0, "percent_statements_covered_display": "100", "num_branches": 0, "num_partial_branches": 0, "covered_branches": 0, "missing_branches": 0, "percent_branches_covered": 100.0, "percent_branches_covered_display": "100"}, "missing_lines": [], "excluded_lines": [44], "start_line": 42, "executed_branches": [], "missing_branches": []}, "HttpTransport.post": {"executed_lines": [], "summary": {"covered_lines": 0, "num_statements": 0, "percent_covered": 100.0, "percent_covered_display": "100", "missing_lines": 0, "excluded_lines": 1, "percent_statements_covered": 100.0, "percent_statements_covered_display": "100", "num_branches": 0, "num_partial_branches": 0, "covered_branches": 0, "missing_branches": 0, "percent_branches_covered": 100.0, "percent_branches_covered_display": "100"}, "missing_lines": [], "excluded_lines": [58], "start_line": 50, "executed_branches": [], "missing_branches": []}, "HttpTransport.get": {"executed_lines": [], "summary": {"covered_lines": 0, "num_statements": 0, "percent_covered": 100.0, "percent_covered_display": "100", "missing_lines": 0, "excluded_lines": 1, "percent_statements_covered": 100.0, "percent_statements_covered_display": "100", "num_branches": 0, "num_partial_branches": 0, "covered_branches": 0, "missing_branches": 0, "percent_branches_covered": 100.0, "percent_branches_covered_display": "100"}, "missing_lines": [], "excluded_lines": [67], "start_line": 60, "executed_branches": [], "missing_branches": []}, "HttpTransport.close": {"executed_lines": [], "summary": {"covered_lines": 0, "num_statements": 0, "percent_covered": 100.0, "percent_covered_display": "100", "missing_lines": 0, "excluded_lines": 1, "percent_statements_covered": 100.0, "percent_statements_covered_display": "100", "num_branches": 0, "num_partial_branches": 0, "covered_branches": 0, "missing_branches": 0, "percent_branches_covered": 100.0, "percent_branches_covered_display": "100"}, "missing_lines": [], "excluded_lines": [71], "start_line": 69, "executed_branches": [], "missing_branches": []}, "_UrllibTransport.__init__": {"executed_lines": [78], "summary": {"covered_lines": 1, "num_statements": 1, "percent_covered": 100.0, "percent_covered_display": "100", "missing_lines": 0, "excluded_lines": 0, "percent_statements_covered": 100.0, "percent_statements_covered_display": "100", "num_branches": 0, "num_partial_branches": 0, "covered_branches": 0, "missing_branches": 0, "percent_branches_covered": 100.0, "percent_branches_covered_display": "100"}, "missing_lines": [], "excluded_lines": [], "start_line": 77, "executed_branches": [], "missing_branches": []}, "_UrllibTransport.post": {"executed_lines": [87, 93, 94, 95, 96, 97], "summary": {"covered_lines": 6, "num_statements": 6, "percent_covered": 100.0, "percent_covered_display": "100", "missing_lines": 0, "excluded_lines": 0, "percent_statements_covered": 100.0, "percent_statements_covered_display": "100", "num_branches": 0, "num_partial_branches": 0, "covered_branches": 0, "missing_branches": 0, "percent_branches_covered": 100.0, "percent_branches_covered_display": "100"}, "missing_lines": [], "excluded_lines": [], "start_line": 80, "executed_branches": [], "missing_branches": []}, "_UrllibTransport.get": {"executed_lines": [105, 110, 111, 112, 113, 114], "summary": {"covered_lines": 6, "num_statements": 6, "percent_covered": 100.0, "percent_covered_display": "100", "missing_lines": 0, "excluded_lines": 0, "percent_statements_covered": 100.0, "percent_statements_covered_display": "100", "num_branches": 0, "num_partial_branches": 0, "covered_branches": 0, "missing_branches": 0, "percent_branches_covered": 100.0, "percent_branches_covered_display": "100"}, "missing_lines": [], "excluded_lines": [], "start_line": 99, "executed_branches": [], "missing_branches": []}, "_UrllibTransport.close": {"executed_lines": [], "summary": {"covered_lines": 0, "num_statements": 1, "percent_covered": 0.0, "percent_covered_display": "0", "missing_lines": 1, "excluded_lines": 0, "percent_statements_covered": 0.0, "percent_statements_covered_display": "0", "num_branches": 0, "num_partial_branches": 0, "covered_branches": 0, "missing_branches": 0, "percent_branches_covered": 100.0, "percent_branches_covered_display": "100"}, "missing_lines": [117], "excluded_lines": [], "start_line": 116, "executed_branches": [], "missing_branches": []}, "_SimpleResponse.__init__": {"executed_lines": [124], "summary": {"covered_lines": 1, "num_statements": 1, "percent_covered": 100.0, "percent_covered_display": "100", "missing_lines": 0, "excluded_lines": 0, "percent_statements_covered": 100.0, "percent_statements_covered_display": "100", "num_branches": 0, "num_partial_branches": 0, "covered_branches": 0, "missing_branches": 0, "percent_branches_covered": 100.0, "percent_branches_covered_display": "100"}, "missing_lines": [], "excluded_lines": [], "start_line": 123, "executed_branches": [], "missing_branches": []}, "_HttpxTransport.__init__": {"executed_lines": [133], "summary": {"covered_lines": 1, "num_statements": 1, "percent_covered": 100.0, "percent_covered_display": "100", "missing_lines": 0, "excluded_lines": 2, "percent_statements_covered": 100.0, "percent_statements_covered_display": "100", "num_branches": 0, "num_partial_branches": 0, "covered_branches": 0, "missing_branches": 0, "percent_branches_covered": 100.0, "percent_branches_covered_display": "100"}, "missing_lines": [], "excluded_lines": [131, 132], "start_line": 130, "executed_branches": [], "missing_branches": []}, "_HttpxTransport.post": {"executed_lines": [], "summary": {"covered_lines": 0, "num_statements": 1, "percent_covered": 0.0, "percent_covered_display": "0", "missing_lines": 1, "excluded_lines": 0, "percent_statements_covered": 0.0, "percent_statements_covered_display": "0", "num_branches": 0, "num_partial_branches": 0, "covered_branches": 0, "missing_branches": 0, "percent_branches_covered": 100.0, "percent_branches_covered_display": "100"}, "missing_lines": [142], "excluded_lines": [], "start_line": 135, "executed_branches": [], "missing_branches": []}, "_HttpxTransport.get": {"executed_lines": [150], "summary": {"covered_lines": 1, "num_statements": 1, "percent_covered": 100.0, "percent_covered_display": "100", "missing_lines": 0, "excluded_lines": 0, "percent_statements_covered": 100.0, "percent_statements_covered_display": "100", "num_branches": 0, "num_partial_branches": 0, "covered_branches": 0, "missing_branches": 0, "percent_branches_covered": 100.0, "percent_branches_covered_display": "100"}, "missing_lines": [], "excluded_lines": [], "start_line": 144, "executed_branches": [], "missing_branches": []}, "_HttpxTransport.close": {"executed_lines": [153], "summary": {"covered_lines": 1, "num_statements": 1, "percent_covered": 100.0, "percent_covered_display": "100", "missing_lines": 0, "excluded_lines": 0, "percent_statements_covered": 100.0, "percent_statements_covered_display": "100", "num_branches": 0, "num_partial_branches": 0, "covered_branches": 0, "missing_branches": 0, "percent_branches_covered": 100.0, "percent_branches_covered_display": "100"}, "missing_lines": [], "excluded_lines": [], "start_line": 152, "executed_branches": [], "missing_branches": []}, "Client.__init__": {"executed_lines": [173, 174, 175, 176, 181, 182, 183, 184, 185, 186, 187, 188, 189, 191, 192, 193, 194, 195, 196, 199, 200, 201, 204, 205, 206, 207, 210, 220, 221, 222, 223, 224, 225], "summary": {"covered_lines": 33, "num_statements": 38, "percent_covered": 84.0909090909091, "percent_covered_display": "84", "missing_lines": 5, "excluded_lines": 0, "percent_statements_covered": 86.84210526315789, "percent_statements_covered_display": "87", "num_branches": 6, "num_partial_branches": 2, "covered_branches": 4, "missing_branches": 2, "percent_branches_covered": 66.66666666666667, "percent_branches_covered_display": "67"}, "missing_lines": [202, 209, 233, 234, 235], "excluded_lines": [], "start_line": 159, "executed_branches": [[201, 204], [204, 205], [204, 206], [206, 207]], "missing_branches": [[201, 202], [206, 209]]}, "Client.capture_event": {"executed_lines": [239, 240, 241, 242, 243, 244, 245, 246, 248, 249, 250, 251, 252, 253], "summary": {"covered_lines": 14, "num_statements": 14, "percent_covered": 100.0, "percent_covered_display": "100", "missing_lines": 0, "excluded_lines": 0, "percent_statements_covered": 100.0, "percent_statements_covered_display": "100", "num_branches": 4, "num_partial_branches": 0, "covered_branches": 4, "missing_branches": 0, "percent_branches_covered": 100.0, "percent_branches_covered_display": "100"}, "missing_lines": [], "excluded_lines": [], "start_line": 237, "executed_branches": [[243, 244], [243, 250], [244, 245], [244, 248]], "missing_branches": []}, "Client.flush": {"executed_lines": [257, 258, 259, 260, 261, 262, 263, 264, 265, 266], "summary": {"covered_lines": 10, "num_statements": 13, "percent_covered": 82.3529411764706, "percent_covered_display": "82", "missing_lines": 3, "excluded_lines": 0, "percent_statements_covered": 76.92307692307692, "percent_statements_covered_display": "77", "num_branches": 4, "num_partial_branches": 0, "covered_branches": 4, "missing_branches": 0, "percent_branches_covered": 100.0, "percent_branches_covered_display": "100"}, "missing_lines": [267, 268, 269], "excluded_lines": [], "start_line": 255, "executed_branches": [[260, 261], [260, 262], [263, 264], [263, 265]], "missing_branches": []}, "Client.close": {"executed_lines": [273, 274, 275, 276, 277, 278, 279, 280, 281], "summary": {"covered_lines": 9, "num_statements": 12, "percent_covered": 75.0, "percent_covered_display": "75", "missing_lines": 3, "excluded_lines": 0, "percent_statements_covered": 75.0, "percent_statements_covered_display": "75", "num_branches": 4, "num_partial_branches": 1, "covered_branches": 3, "missing_branches": 1, "percent_branches_covered": 75.0, "percent_branches_covered_display": "75"}, "missing_lines": [282, 283, 284], "excluded_lines": [], "start_line": 271, "executed_branches": [[274, 275], [274, 276], [278, 279]], "missing_branches": [[278, 280]]}, "Client.stats": {"executed_lines": [288, 289], "summary": {"covered_lines": 2, "num_statements": 2, "percent_covered": 100.0, "percent_covered_display": "100", "missing_lines": 0, "excluded_lines": 0, "percent_statements_covered": 100.0, "percent_statements_covered_display": "100", "num_branches": 0, "num_partial_branches": 0, "covered_branches": 0, "missing_branches": 0, "percent_branches_covered": 100.0, "percent_branches_covered_display": "100"}, "missing_lines": [], "excluded_lines": [], "start_line": 286, "executed_branches": [], "missing_branches": []}, "Client.debug_log": {"executed_lines": [298, 299, 300, 301, 302, 306, 307], "summary": {"covered_lines": 7, "num_statements": 7, "percent_covered": 100.0, "percent_covered_display": "100", "missing_lines": 0, "excluded_lines": 0, "percent_statements_covered": 100.0, "percent_statements_covered_display": "100", "num_branches": 4, "num_partial_branches": 0, "covered_branches": 4, "missing_branches": 0, "percent_branches_covered": 100.0, "percent_branches_covered_display": "100"}, "missing_lines": [], "excluded_lines": [], "start_line": 296, "executed_branches": [[298, 299], [298, 300], [300, 301], [300, 307]], "missing_branches": []}, "Client.preflight_protect_decision": {"executed_lines": [311, 312, 313, 314, 315, 316, 317], "summary": {"covered_lines": 7, "num_statements": 7, "percent_covered": 100.0, "percent_covered_display": "100", "missing_lines": 0, "excluded_lines": 0, "percent_statements_covered": 100.0, "percent_statements_covered_display": "100", "num_branches": 2, "num_partial_branches": 0, "covered_branches": 2, "missing_branches": 0, "percent_branches_covered": 100.0, "percent_branches_covered_display": "100"}, "missing_lines": [], "excluded_lines": [], "start_line": 309, "executed_branches": [[315, 316], [315, 317]], "missing_branches": []}, "Client.warm_connections": {"executed_lines": [321, 322, 323, 328, 329, 330, 331, 332, 333, 334, 337], "summary": {"covered_lines": 11, "num_statements": 13, "percent_covered": 84.61538461538461, "percent_covered_display": "85", "missing_lines": 2, "excluded_lines": 0, "percent_statements_covered": 84.61538461538461, "percent_statements_covered_display": "85", "num_branches": 0, "num_partial_branches": 0, "covered_branches": 0, "missing_branches": 0, "percent_branches_covered": 100.0, "percent_branches_covered_display": "100"}, "missing_lines": [335, 336], "excluded_lines": [], "start_line": 319, "executed_branches": [], "missing_branches": []}, "Client.instrument_openai": {"executed_lines": [], "summary": {"covered_lines": 0, "num_statements": 2, "percent_covered": 0.0, "percent_covered_display": "0", "missing_lines": 2, "excluded_lines": 0, "percent_statements_covered": 0.0, "percent_statements_covered_display": "0", "num_branches": 0, "num_partial_branches": 0, "covered_branches": 0, "missing_branches": 0, "percent_branches_covered": 100.0, "percent_branches_covered_display": "100"}, "missing_lines": [347, 349], "excluded_lines": [], "start_line": 339, "executed_branches": [], "missing_branches": []}, "Client.instrument_anthropic": {"executed_lines": [], "summary": {"covered_lines": 0, "num_statements": 2, "percent_covered": 0.0, "percent_covered_display": "0", "missing_lines": 2, "excluded_lines": 0, "percent_statements_covered": 0.0, "percent_statements_covered_display": "0", "num_branches": 0, "num_partial_branches": 0, "covered_branches": 0, "missing_branches": 0, "percent_branches_covered": 100.0, "percent_branches_covered_display": "100"}, "missing_lines": [365, 367], "excluded_lines": [], "start_line": 357, "executed_branches": [], "missing_branches": []}, "Client.instrument_google": {"executed_lines": [], "summary": {"covered_lines": 0, "num_statements": 2, "percent_covered": 0.0, "percent_covered_display": "0", "missing_lines": 2, "excluded_lines": 0, "percent_statements_covered": 0.0, "percent_statements_covered_display": "0", "num_branches": 0, "num_partial_branches": 0, "covered_branches": 0, "missing_branches": 0, "percent_branches_covered": 100.0, "percent_branches_covered_display": "100"}, "missing_lines": [383, 385], "excluded_lines": [], "start_line": 375, "executed_branches": [], "missing_branches": []}, "Client._run_flush_loop": {"executed_lines": [395], "summary": {"covered_lines": 1, "num_statements": 2, "percent_covered": 50.0, "percent_covered_display": "50", "missing_lines": 1, "excluded_lines": 0, "percent_statements_covered": 50.0, "percent_statements_covered_display": "50", "num_branches": 2, "num_partial_branches": 1, "covered_branches": 1, "missing_branches": 1, "percent_branches_covered": 50.0, "percent_branches_covered_display": "50"}, "missing_lines": [396], "excluded_lines": [], "start_line": 393, "executed_branches": [[395, -393]], "missing_branches": [[395, 396]]}, "Client._send_event": {"executed_lines": [400, 401, 402, 403, 404, 406, 407, 408, 409, 411, 412, 413, 414, 415, 417], "summary": {"covered_lines": 15, "num_statements": 15, "percent_covered": 100.0, "percent_covered_display": "100", "missing_lines": 0, "excluded_lines": 0, "percent_statements_covered": 100.0, "percent_statements_covered_display": "100", "num_branches": 6, "num_partial_branches": 0, "covered_branches": 6, "missing_branches": 0, "percent_branches_covered": 100.0, "percent_branches_covered_display": "100"}, "missing_lines": [], "excluded_lines": [], "start_line": 398, "executed_branches": [[401, 402], [401, 406], [406, 407], [406, 411], [414, 415], [414, 417]], "missing_branches": []}, "Client._send_event_once": {"executed_lines": [421, 422, 423, 433, 434, 435, 436, 437, 438, 439, 440, 441, 442, 444], "summary": {"covered_lines": 14, "num_statements": 14, "percent_covered": 95.0, "percent_covered_display": "95", "missing_lines": 0, "excluded_lines": 0, "percent_statements_covered": 100.0, "percent_statements_covered_display": "100", "num_branches": 6, "num_partial_branches": 1, "covered_branches": 5, "missing_branches": 1, "percent_branches_covered": 83.33333333333333, "percent_branches_covered_display": "83"}, "missing_lines": [], "excluded_lines": [], "start_line": 419, "executed_branches": [[434, 435], [434, 436], [436, 437], [436, 438], [440, 441]], "missing_branches": [[440, 442]]}, "create_client": {"executed_lines": [463, 464, 465, 476], "summary": {"covered_lines": 4, "num_statements": 4, "percent_covered": 100.0, "percent_covered_display": "100", "missing_lines": 0, "excluded_lines": 0, "percent_statements_covered": 100.0, "percent_statements_covered_display": "100", "num_branches": 2, "num_partial_branches": 0, "covered_branches": 2, "missing_branches": 0, "percent_branches_covered": 100.0, "percent_branches_covered_display": "100"}, "missing_lines": [], "excluded_lines": [], "start_line": 450, "executed_branches": [[463, 464], [463, 465]], "missing_branches": []}, "get_default_client": {"executed_lines": [481], "summary": {"covered_lines": 1, "num_statements": 1, "percent_covered": 100.0, "percent_covered_display": "100", "missing_lines": 0, "excluded_lines": 0, "percent_statements_covered": 100.0, "percent_statements_covered_display": "100", "num_branches": 0, "num_partial_branches": 0, "covered_branches": 0, "missing_branches": 0, "percent_branches_covered": 100.0, "percent_branches_covered_display": "100"}, "missing_lines": [], "excluded_lines": [], "start_line": 479, "executed_branches": [], "missing_branches": []}, "capture_event": {"executed_lines": [486, 487, 488, 489], "summary": {"covered_lines": 4, "num_statements": 4, "percent_covered": 100.0, "percent_covered_display": "100", "missing_lines": 0, "excluded_lines": 0, "percent_statements_covered": 100.0, "percent_statements_covered_display": "100", "num_branches": 2, "num_partial_branches": 0, "covered_branches": 2, "missing_branches": 0, "percent_branches_covered": 100.0, "percent_branches_covered_display": "100"}, "missing_lines": [], "excluded_lines": [], "start_line": 484, "executed_branches": [[487, 488], [487, 489]], "missing_branches": []}, "": {"executed_lines": [2, 3, 4, 5, 6, 7, 8, 9, 10, 12, 13, 17, 18, 28, 29, 31, 33, 35, 38, 41, 42, 47, 50, 60, 69, 74, 77, 80, 99, 116, 120, 123, 127, 130, 135, 144, 152, 156, 159, 237, 255, 271, 286, 296, 309, 319, 339, 357, 375, 393, 398, 419, 447, 450, 479, 484], "summary": {"covered_lines": 56, "num_statements": 56, "percent_covered": 100.0, "percent_covered_display": "100", "missing_lines": 0, "excluded_lines": 8, "percent_statements_covered": 100.0, "percent_statements_covered_display": "100", "num_branches": 0, "num_partial_branches": 0, "covered_branches": 0, "missing_branches": 0, "percent_branches_covered": 100.0, "percent_branches_covered_display": "100"}, "missing_lines": [], "excluded_lines": [14, 15, 45, 46, 59, 68, 72, 73], "start_line": 1, "executed_branches": [], "missing_branches": []}}, "classes": {"HttpResponse": {"executed_lines": [], "summary": {"covered_lines": 0, "num_statements": 0, "percent_covered": 100.0, "percent_covered_display": "100", "missing_lines": 0, "excluded_lines": 1, "percent_statements_covered": 100.0, "percent_statements_covered_display": "100", "num_branches": 0, "num_partial_branches": 0, "covered_branches": 0, "missing_branches": 0, "percent_branches_covered": 100.0, "percent_branches_covered_display": "100"}, "missing_lines": [], "excluded_lines": [44], "start_line": 38, "executed_branches": [], "missing_branches": []}, "HttpTransport": {"executed_lines": [], "summary": {"covered_lines": 0, "num_statements": 0, "percent_covered": 100.0, "percent_covered_display": "100", "missing_lines": 0, "excluded_lines": 3, "percent_statements_covered": 100.0, "percent_statements_covered_display": "100", "num_branches": 0, "num_partial_branches": 0, "covered_branches": 0, "missing_branches": 0, "percent_branches_covered": 100.0, "percent_branches_covered_display": "100"}, "missing_lines": [], "excluded_lines": [58, 67, 71], "start_line": 47, "executed_branches": [], "missing_branches": []}, "_UrllibTransport": {"executed_lines": [78, 87, 93, 94, 95, 96, 97, 105, 110, 111, 112, 113, 114], "summary": {"covered_lines": 13, "num_statements": 14, "percent_covered": 92.85714285714286, "percent_covered_display": "93", "missing_lines": 1, "excluded_lines": 0, "percent_statements_covered": 92.85714285714286, "percent_statements_covered_display": "93", "num_branches": 0, "num_partial_branches": 0, "covered_branches": 0, "missing_branches": 0, "percent_branches_covered": 100.0, "percent_branches_covered_display": "100"}, "missing_lines": [117], "excluded_lines": [], "start_line": 74, "executed_branches": [], "missing_branches": []}, "_SimpleResponse": {"executed_lines": [124], "summary": {"covered_lines": 1, "num_statements": 1, "percent_covered": 100.0, "percent_covered_display": "100", "missing_lines": 0, "excluded_lines": 0, "percent_statements_covered": 100.0, "percent_statements_covered_display": "100", "num_branches": 0, "num_partial_branches": 0, "covered_branches": 0, "missing_branches": 0, "percent_branches_covered": 100.0, "percent_branches_covered_display": "100"}, "missing_lines": [], "excluded_lines": [], "start_line": 120, "executed_branches": [], "missing_branches": []}, "_HttpxTransport": {"executed_lines": [133, 150, 153], "summary": {"covered_lines": 3, "num_statements": 4, "percent_covered": 75.0, "percent_covered_display": "75", "missing_lines": 1, "excluded_lines": 2, "percent_statements_covered": 75.0, "percent_statements_covered_display": "75", "num_branches": 0, "num_partial_branches": 0, "covered_branches": 0, "missing_branches": 0, "percent_branches_covered": 100.0, "percent_branches_covered_display": "100"}, "missing_lines": [142], "excluded_lines": [131, 132], "start_line": 127, "executed_branches": [], "missing_branches": []}, "Client": {"executed_lines": [173, 174, 175, 176, 181, 182, 183, 184, 185, 186, 187, 188, 189, 191, 192, 193, 194, 195, 196, 199, 200, 201, 204, 205, 206, 207, 210, 220, 221, 222, 223, 224, 225, 239, 240, 241, 242, 243, 244, 245, 246, 248, 249, 250, 251, 252, 253, 257, 258, 259, 260, 261, 262, 263, 264, 265, 266, 273, 274, 275, 276, 277, 278, 279, 280, 281, 288, 289, 298, 299, 300, 301, 302, 306, 307, 311, 312, 313, 314, 315, 316, 317, 321, 322, 323, 328, 329, 330, 331, 332, 333, 334, 337, 395, 400, 401, 402, 403, 404, 406, 407, 408, 409, 411, 412, 413, 414, 415, 417, 421, 422, 423, 433, 434, 435, 436, 437, 438, 439, 440, 441, 442, 444], "summary": {"covered_lines": 123, "num_statements": 143, "percent_covered": 86.1878453038674, "percent_covered_display": "86", "missing_lines": 20, "excluded_lines": 0, "percent_statements_covered": 86.01398601398601, "percent_statements_covered_display": "86", "num_branches": 38, "num_partial_branches": 5, "covered_branches": 33, "missing_branches": 5, "percent_branches_covered": 86.84210526315789, "percent_branches_covered_display": "87"}, "missing_lines": [202, 209, 233, 234, 235, 267, 268, 269, 282, 283, 284, 335, 336, 347, 349, 365, 367, 383, 385, 396], "excluded_lines": [], "start_line": 156, "executed_branches": [[201, 204], [204, 205], [204, 206], [206, 207], [243, 244], [243, 250], [244, 245], [244, 248], [260, 261], [260, 262], [263, 264], [263, 265], [274, 275], [274, 276], [278, 279], [298, 299], [298, 300], [300, 301], [300, 307], [315, 316], [315, 317], [395, -393], [401, 402], [401, 406], [406, 407], [406, 411], [414, 415], [414, 417], [434, 435], [434, 436], [436, 437], [436, 438], [440, 441]], "missing_branches": [[201, 202], [206, 209], [278, 280], [395, 396], [440, 442]]}, "": {"executed_lines": [2, 3, 4, 5, 6, 7, 8, 9, 10, 12, 13, 17, 18, 28, 29, 31, 33, 35, 38, 41, 42, 47, 50, 60, 69, 74, 77, 80, 99, 116, 120, 123, 127, 130, 135, 144, 152, 156, 159, 237, 255, 271, 286, 296, 309, 319, 339, 357, 375, 393, 398, 419, 447, 450, 463, 464, 465, 476, 479, 481, 484, 486, 487, 488, 489], "summary": {"covered_lines": 65, "num_statements": 65, "percent_covered": 100.0, "percent_covered_display": "100", "missing_lines": 0, "excluded_lines": 8, "percent_statements_covered": 100.0, "percent_statements_covered_display": "100", "num_branches": 4, "num_partial_branches": 0, "covered_branches": 4, "missing_branches": 0, "percent_branches_covered": 100.0, "percent_branches_covered_display": "100"}, "missing_lines": [], "excluded_lines": [14, 15, 45, 46, 59, 68, 72, 73], "start_line": 1, "executed_branches": [[463, 464], [463, 465], [487, 488], [487, 489]], "missing_branches": []}}}, "src/rheonic/config.py": {"executed_lines": [2, 5, 6, 7, 8, 9, 10, 11, 12, 13, 14, 15, 16, 17, 18, 19, 20, 21, 24], "summary": {"covered_lines": 19, "num_statements": 19, "percent_covered": 100.0, "percent_covered_display": "100", "missing_lines": 0, "excluded_lines": 0, "percent_statements_covered": 100.0, "percent_statements_covered_display": "100", "num_branches": 0, "num_partial_branches": 0, "covered_branches": 0, "missing_branches": 0, "percent_branches_covered": 100.0, "percent_branches_covered_display": "100"}, "missing_lines": [], "excluded_lines": [], "executed_branches": [], "missing_branches": [], "functions": {"": {"executed_lines": [2, 5, 6, 7, 8, 9, 10, 11, 12, 13, 14, 15, 16, 17, 18, 19, 20, 21, 24], "summary": {"covered_lines": 19, "num_statements": 19, "percent_covered": 100.0, "percent_covered_display": "100", "missing_lines": 0, "excluded_lines": 0, "percent_statements_covered": 100.0, "percent_statements_covered_display": "100", "num_branches": 0, "num_partial_branches": 0, "covered_branches": 0, "missing_branches": 0, "percent_branches_covered": 100.0, "percent_branches_covered_display": "100"}, "missing_lines": [], "excluded_lines": [], "start_line": 1, "executed_branches": [], "missing_branches": []}}, "classes": {"SDKConfig": {"executed_lines": [], "summary": {"covered_lines": 0, "num_statements": 0, "percent_covered": 100.0, "percent_covered_display": "100", "missing_lines": 0, "excluded_lines": 0, "percent_statements_covered": 100.0, "percent_statements_covered_display": "100", "num_branches": 0, "num_partial_branches": 0, "covered_branches": 0, "missing_branches": 0, "percent_branches_covered": 100.0, "percent_branches_covered_display": "100"}, "missing_lines": [], "excluded_lines": [], "start_line": 6, "executed_branches": [], "missing_branches": []}, "": {"executed_lines": [2, 5, 6, 7, 8, 9, 10, 11, 12, 13, 14, 15, 16, 17, 18, 19, 20, 21, 24], "summary": {"covered_lines": 19, "num_statements": 19, "percent_covered": 100.0, "percent_covered_display": "100", "missing_lines": 0, "excluded_lines": 0, "percent_statements_covered": 100.0, "percent_statements_covered_display": "100", "num_branches": 0, "num_partial_branches": 0, "covered_branches": 0, "missing_branches": 0, "percent_branches_covered": 100.0, "percent_branches_covered_display": "100"}, "missing_lines": [], "excluded_lines": [], "start_line": 1, "executed_branches": [], "missing_branches": []}}}, "src/rheonic/event_builder.py": {"executed_lines": [2, 3, 5, 7, 10, 19, 29, 32, 34, 35, 43, 44, 45], "summary": {"covered_lines": 13, "num_statements": 13, "percent_covered": 100.0, "percent_covered_display": "100", "missing_lines": 0, "excluded_lines": 0, "percent_statements_covered": 100.0, "percent_statements_covered_display": "100", "num_branches": 0, "num_partial_branches": 0, "covered_branches": 0, "missing_branches": 0, "percent_branches_covered": 100.0, "percent_branches_covered_display": "100"}, "missing_lines": [], "excluded_lines": [], "executed_branches": [], "missing_branches": [], "functions": {"build_event": {"executed_lines": [19], "summary": {"covered_lines": 1, "num_statements": 1, "percent_covered": 100.0, "percent_covered_display": "100", "missing_lines": 0, "excluded_lines": 0, "percent_statements_covered": 100.0, "percent_statements_covered_display": "100", "num_branches": 0, "num_partial_branches": 0, "covered_branches": 0, "missing_branches": 0, "percent_branches_covered": 100.0, "percent_branches_covered_display": "100"}, "missing_lines": [], "excluded_lines": [], "start_line": 10, "executed_branches": [], "missing_branches": []}, "EventBuilder.build": {"executed_lines": [34, 35, 43, 44, 45], "summary": {"covered_lines": 5, "num_statements": 5, "percent_covered": 100.0, "percent_covered_display": "100", "missing_lines": 0, "excluded_lines": 0, "percent_statements_covered": 100.0, "percent_statements_covered_display": "100", "num_branches": 0, "num_partial_branches": 0, "covered_branches": 0, "missing_branches": 0, "percent_branches_covered": 100.0, "percent_branches_covered_display": "100"}, "missing_lines": [], "excluded_lines": [], "start_line": 32, "executed_branches": [], "missing_branches": []}, "": {"executed_lines": [2, 3, 5, 7, 10, 29, 32], "summary": {"covered_lines": 7, "num_statements": 7, "percent_covered": 100.0, "percent_covered_display": "100", "missing_lines": 0, "excluded_lines": 0, "percent_statements_covered": 100.0, "percent_statements_covered_display": "100", "num_branches": 0, "num_partial_branches": 0, "covered_branches": 0, "missing_branches": 0, "percent_branches_covered": 100.0, "percent_branches_covered_display": "100"}, "missing_lines": [], "excluded_lines": [], "start_line": 1, "executed_branches": [], "missing_branches": []}}, "classes": {"EventBuilder": {"executed_lines": [34, 35, 43, 44, 45], "summary": {"covered_lines": 5, "num_statements": 5, "percent_covered": 100.0, "percent_covered_display": "100", "missing_lines": 0, "excluded_lines": 0, "percent_statements_covered": 100.0, "percent_statements_covered_display": "100", "num_branches": 0, "num_partial_branches": 0, "covered_branches": 0, "missing_branches": 0, "percent_branches_covered": 100.0, "percent_branches_covered_display": "100"}, "missing_lines": [], "excluded_lines": [], "start_line": 29, "executed_branches": [], "missing_branches": []}, "": {"executed_lines": [2, 3, 5, 7, 10, 19, 29, 32], "summary": {"covered_lines": 8, "num_statements": 8, "percent_covered": 100.0, "percent_covered_display": "100", "missing_lines": 0, "excluded_lines": 0, "percent_statements_covered": 100.0, "percent_statements_covered_display": "100", "num_branches": 0, "num_partial_branches": 0, "covered_branches": 0, "missing_branches": 0, "percent_branches_covered": 100.0, "percent_branches_covered_display": "100"}, "missing_lines": [], "excluded_lines": [], "start_line": 1, "executed_branches": [], "missing_branches": []}}}, "src/rheonic/logger.py": {"executed_lines": [1, 3, 4, 5, 6, 7, 8, 9, 10, 11, 13, 15, 16, 17, 18, 19, 42, 43, 46, 50, 51, 52, 53, 54, 55, 56, 57, 58, 59, 61, 62, 65, 66, 69, 70, 73, 74, 77, 78, 79, 80, 83, 84, 85, 86, 89, 90, 93, 94, 97, 100, 108, 109, 110, 111, 112, 113, 114, 115, 126, 129, 130, 131, 132, 133, 134, 135, 136, 137, 138, 141, 142, 143, 144, 145, 146, 147, 148, 149, 150, 151, 152, 155, 156, 157, 158, 159, 160, 161, 164, 165, 166, 169, 170, 171, 174, 175], "summary": {"covered_lines": 97, "num_statements": 97, "percent_covered": 99.15966386554622, "percent_covered_display": "99", "missing_lines": 0, "excluded_lines": 0, "percent_statements_covered": 100.0, "percent_statements_covered_display": "100", "num_branches": 22, "num_partial_branches": 1, "covered_branches": 21, "missing_branches": 1, "percent_branches_covered": 95.45454545454545, "percent_branches_covered_display": "95"}, "missing_lines": [], "excluded_lines": [], "executed_branches": [[112, 113], [112, 115], [132, 133], [134, 135], [134, 138], [135, 136], [135, 137], [142, 143], [142, 144], [144, 145], [144, 146], [146, 147], [146, 148], [148, 149], [148, 150], [150, 151], [150, 152], [157, 158], [157, 159], [159, 160], [159, 161]], "missing_branches": [[132, 134]], "functions": {"configure_logging": {"executed_lines": [50, 51, 52, 53, 54, 55, 56, 57, 58, 59, 61, 62], "summary": {"covered_lines": 12, "num_statements": 12, "percent_covered": 100.0, "percent_covered_display": "100", "missing_lines": 0, "excluded_lines": 0, "percent_statements_covered": 100.0, "percent_statements_covered_display": "100", "num_branches": 0, "num_partial_branches": 0, "covered_branches": 0, "missing_branches": 0, "percent_branches_covered": 100.0, "percent_branches_covered_display": "100"}, "missing_lines": [], "excluded_lines": [], "start_line": 46, "executed_branches": [], "missing_branches": []}, "get_logger": {"executed_lines": [66], "summary": {"covered_lines": 1, "num_statements": 1, "percent_covered": 100.0, "percent_covered_display": "100", "missing_lines": 0, "excluded_lines": 0, "percent_statements_covered": 100.0, "percent_statements_covered_display": "100", "num_branches": 0, "num_partial_branches": 0, "covered_branches": 0, "missing_branches": 0, "percent_branches_covered": 100.0, "percent_branches_covered_display": "100"}, "missing_lines": [], "excluded_lines": [], "start_line": 65, "executed_branches": [], "missing_branches": []}, "generate_trace_id": {"executed_lines": [70], "summary": {"covered_lines": 1, "num_statements": 1, "percent_covered": 100.0, "percent_covered_display": "100", "missing_lines": 0, "excluded_lines": 0, "percent_statements_covered": 100.0, "percent_statements_covered_display": "100", "num_branches": 0, "num_partial_branches": 0, "covered_branches": 0, "missing_branches": 0, "percent_branches_covered": 100.0, "percent_branches_covered_display": "100"}, "missing_lines": [], "excluded_lines": [], "start_line": 69, "executed_branches": [], "missing_branches": []}, "generate_span_id": {"executed_lines": [74], "summary": {"covered_lines": 1, "num_statements": 1, "percent_covered": 100.0, "percent_covered_display": "100", "missing_lines": 0, "excluded_lines": 0, "percent_statements_covered": 100.0, "percent_statements_covered_display": "100", "num_branches": 0, "num_partial_branches": 0, "covered_branches": 0, "missing_branches": 0, "percent_branches_covered": 100.0, "percent_branches_covered_display": "100"}, "missing_lines": [], "excluded_lines": [], "start_line": 73, "executed_branches": [], "missing_branches": []}, "bind_trace_context": {"executed_lines": [78, 79, 80], "summary": {"covered_lines": 3, "num_statements": 3, "percent_covered": 100.0, "percent_covered_display": "100", "missing_lines": 0, "excluded_lines": 0, "percent_statements_covered": 100.0, "percent_statements_covered_display": "100", "num_branches": 0, "num_partial_branches": 0, "covered_branches": 0, "missing_branches": 0, "percent_branches_covered": 100.0, "percent_branches_covered_display": "100"}, "missing_lines": [], "excluded_lines": [], "start_line": 77, "executed_branches": [], "missing_branches": []}, "reset_trace_context": {"executed_lines": [84, 85, 86], "summary": {"covered_lines": 3, "num_statements": 3, "percent_covered": 100.0, "percent_covered_display": "100", "missing_lines": 0, "excluded_lines": 0, "percent_statements_covered": 100.0, "percent_statements_covered_display": "100", "num_branches": 0, "num_partial_branches": 0, "covered_branches": 0, "missing_branches": 0, "percent_branches_covered": 100.0, "percent_branches_covered_display": "100"}, "missing_lines": [], "excluded_lines": [], "start_line": 83, "executed_branches": [], "missing_branches": []}, "get_trace_id": {"executed_lines": [90], "summary": {"covered_lines": 1, "num_statements": 1, "percent_covered": 100.0, "percent_covered_display": "100", "missing_lines": 0, "excluded_lines": 0, "percent_statements_covered": 100.0, "percent_statements_covered_display": "100", "num_branches": 0, "num_partial_branches": 0, "covered_branches": 0, "missing_branches": 0, "percent_branches_covered": 100.0, "percent_branches_covered_display": "100"}, "missing_lines": [], "excluded_lines": [], "start_line": 89, "executed_branches": [], "missing_branches": []}, "get_span_id": {"executed_lines": [94], "summary": {"covered_lines": 1, "num_statements": 1, "percent_covered": 100.0, "percent_covered_display": "100", "missing_lines": 0, "excluded_lines": 0, "percent_statements_covered": 100.0, "percent_statements_covered_display": "100", "num_branches": 0, "num_partial_branches": 0, "covered_branches": 0, "missing_branches": 0, "percent_branches_covered": 100.0, "percent_branches_covered_display": "100"}, "missing_lines": [], "excluded_lines": [], "start_line": 93, "executed_branches": [], "missing_branches": []}, "build_log_extra": {"executed_lines": [100], "summary": {"covered_lines": 1, "num_statements": 1, "percent_covered": 100.0, "percent_covered_display": "100", "missing_lines": 0, "excluded_lines": 0, "percent_statements_covered": 100.0, "percent_statements_covered_display": "100", "num_branches": 0, "num_partial_branches": 0, "covered_branches": 0, "missing_branches": 0, "percent_branches_covered": 100.0, "percent_branches_covered_display": "100"}, "missing_lines": [], "excluded_lines": [], "start_line": 97, "executed_branches": [], "missing_branches": []}, "_JsonFormatter.format": {"executed_lines": [110, 111, 112, 113, 114, 115, 126], "summary": {"covered_lines": 7, "num_statements": 7, "percent_covered": 100.0, "percent_covered_display": "100", "missing_lines": 0, "excluded_lines": 0, "percent_statements_covered": 100.0, "percent_statements_covered_display": "100", "num_branches": 2, "num_partial_branches": 0, "covered_branches": 2, "missing_branches": 0, "percent_branches_covered": 100.0, "percent_branches_covered_display": "100"}, "missing_lines": [], "excluded_lines": [], "start_line": 109, "executed_branches": [[112, 113], [112, 115]], "missing_branches": []}, "_build_metadata": {"executed_lines": [130, 131, 132, 133, 134, 135, 136, 137, 138], "summary": {"covered_lines": 9, "num_statements": 9, "percent_covered": 93.33333333333333, "percent_covered_display": "93", "missing_lines": 0, "excluded_lines": 0, "percent_statements_covered": 100.0, "percent_statements_covered_display": "100", "num_branches": 6, "num_partial_branches": 1, "covered_branches": 5, "missing_branches": 1, "percent_branches_covered": 83.33333333333333, "percent_branches_covered_display": "83"}, "missing_lines": [], "excluded_lines": [], "start_line": 129, "executed_branches": [[132, 133], [134, 135], [134, 138], [135, 136], [135, 137]], "missing_branches": [[132, 134]]}, "_sanitize_value": {"executed_lines": [142, 143, 144, 145, 146, 147, 148, 149, 150, 151, 152], "summary": {"covered_lines": 11, "num_statements": 11, "percent_covered": 100.0, "percent_covered_display": "100", "missing_lines": 0, "excluded_lines": 0, "percent_statements_covered": 100.0, "percent_statements_covered_display": "100", "num_branches": 10, "num_partial_branches": 0, "covered_branches": 10, "missing_branches": 0, "percent_branches_covered": 100.0, "percent_branches_covered_display": "100"}, "missing_lines": [], "excluded_lines": [], "start_line": 141, "executed_branches": [[142, 143], [142, 144], [144, 145], [144, 146], [146, 147], [146, 148], [148, 149], [148, 150], [150, 151], [150, 152]], "missing_branches": []}, "_resolve_event": {"executed_lines": [156, 157, 158, 159, 160, 161], "summary": {"covered_lines": 6, "num_statements": 6, "percent_covered": 100.0, "percent_covered_display": "100", "missing_lines": 0, "excluded_lines": 0, "percent_statements_covered": 100.0, "percent_statements_covered_display": "100", "num_branches": 4, "num_partial_branches": 0, "covered_branches": 4, "missing_branches": 0, "percent_branches_covered": 100.0, "percent_branches_covered_display": "100"}, "missing_lines": [], "excluded_lines": [], "start_line": 155, "executed_branches": [[157, 158], [157, 159], [159, 160], [159, 161]], "missing_branches": []}, "_sanitize_event": {"executed_lines": [165, 166], "summary": {"covered_lines": 2, "num_statements": 2, "percent_covered": 100.0, "percent_covered_display": "100", "missing_lines": 0, "excluded_lines": 0, "percent_statements_covered": 100.0, "percent_statements_covered_display": "100", "num_branches": 0, "num_partial_branches": 0, "covered_branches": 0, "missing_branches": 0, "percent_branches_covered": 100.0, "percent_branches_covered_display": "100"}, "missing_lines": [], "excluded_lines": [], "start_line": 164, "executed_branches": [], "missing_branches": []}, "_normalize_level": {"executed_lines": [170, 171], "summary": {"covered_lines": 2, "num_statements": 2, "percent_covered": 100.0, "percent_covered_display": "100", "missing_lines": 0, "excluded_lines": 0, "percent_statements_covered": 100.0, "percent_statements_covered_display": "100", "num_branches": 0, "num_partial_branches": 0, "covered_branches": 0, "missing_branches": 0, "percent_branches_covered": 100.0, "percent_branches_covered_display": "100"}, "missing_lines": [], "excluded_lines": [], "start_line": 169, "executed_branches": [], "missing_branches": []}, "_resolve_string": {"executed_lines": [175], "summary": {"covered_lines": 1, "num_statements": 1, "percent_covered": 100.0, "percent_covered_display": "100", "missing_lines": 0, "excluded_lines": 0, "percent_statements_covered": 100.0, "percent_statements_covered_display": "100", "num_branches": 0, "num_partial_branches": 0, "covered_branches": 0, "missing_branches": 0, "percent_branches_covered": 100.0, "percent_branches_covered_display": "100"}, "missing_lines": [], "excluded_lines": [], "start_line": 174, "executed_branches": [], "missing_branches": []}, "": {"executed_lines": [1, 3, 4, 5, 6, 7, 8, 9, 10, 11, 13, 15, 16, 17, 18, 19, 42, 43, 46, 65, 69, 73, 77, 83, 89, 93, 97, 108, 109, 129, 141, 155, 164, 169, 174], "summary": {"covered_lines": 35, "num_statements": 35, "percent_covered": 100.0, "percent_covered_display": "100", "missing_lines": 0, "excluded_lines": 0, "percent_statements_covered": 100.0, "percent_statements_covered_display": "100", "num_branches": 0, "num_partial_branches": 0, "covered_branches": 0, "missing_branches": 0, "percent_branches_covered": 100.0, "percent_branches_covered_display": "100"}, "missing_lines": [], "excluded_lines": [], "start_line": 1, "executed_branches": [], "missing_branches": []}}, "classes": {"_JsonFormatter": {"executed_lines": [110, 111, 112, 113, 114, 115, 126], "summary": {"covered_lines": 7, "num_statements": 7, "percent_covered": 100.0, "percent_covered_display": "100", "missing_lines": 0, "excluded_lines": 0, "percent_statements_covered": 100.0, "percent_statements_covered_display": "100", "num_branches": 2, "num_partial_branches": 0, "covered_branches": 2, "missing_branches": 0, "percent_branches_covered": 100.0, "percent_branches_covered_display": "100"}, "missing_lines": [], "excluded_lines": [], "start_line": 108, "executed_branches": [[112, 113], [112, 115]], "missing_branches": []}, "": {"executed_lines": [1, 3, 4, 5, 6, 7, 8, 9, 10, 11, 13, 15, 16, 17, 18, 19, 42, 43, 46, 50, 51, 52, 53, 54, 55, 56, 57, 58, 59, 61, 62, 65, 66, 69, 70, 73, 74, 77, 78, 79, 80, 83, 84, 85, 86, 89, 90, 93, 94, 97, 100, 108, 109, 129, 130, 131, 132, 133, 134, 135, 136, 137, 138, 141, 142, 143, 144, 145, 146, 147, 148, 149, 150, 151, 152, 155, 156, 157, 158, 159, 160, 161, 164, 165, 166, 169, 170, 171, 174, 175], "summary": {"covered_lines": 90, "num_statements": 90, "percent_covered": 99.0909090909091, "percent_covered_display": "99", "missing_lines": 0, "excluded_lines": 0, "percent_statements_covered": 100.0, "percent_statements_covered_display": "100", "num_branches": 20, "num_partial_branches": 1, "covered_branches": 19, "missing_branches": 1, "percent_branches_covered": 95.0, "percent_branches_covered_display": "95"}, "missing_lines": [], "excluded_lines": [], "start_line": 1, "executed_branches": [[132, 133], [134, 135], [134, 138], [135, 136], [135, 137], [142, 143], [142, 144], [144, 145], [144, 146], [146, 147], [146, 148], [148, 149], [148, 150], [150, 151], [150, 152], [157, 158], [157, 159], [159, 160], [159, 161]], "missing_branches": [[132, 134]]}}}, "src/rheonic/protect_engine.py": {"executed_lines": [2, 3, 4, 5, 6, 8, 9, 18, 19, 23, 26, 29, 30, 31, 34, 37, 40, 43, 54, 55, 56, 57, 58, 59, 62, 63, 64, 65, 67, 69, 70, 71, 77, 79, 80, 81, 82, 83, 84, 95, 96, 97, 103, 108, 109, 110, 111, 112, 113, 114, 115, 116, 117, 118, 119, 120, 121, 122, 125, 127, 128, 129, 131, 132, 140, 148, 149, 150, 151, 152, 153, 159, 165, 166, 172, 177, 179, 181, 183, 184, 193, 194, 196, 197, 198, 199, 200, 201, 202, 203, 204, 206, 214, 216, 217, 218, 219, 220, 221, 222, 223, 225, 232, 234, 235, 236, 237, 238, 239, 240, 241, 243, 245, 246, 247, 248, 249, 250, 252, 254, 255, 256, 258, 260, 261, 262, 263, 265, 267, 271, 272, 287, 291, 292, 307, 308, 309, 310, 311, 312, 313, 314, 317, 319, 320, 321, 322, 323, 324, 325, 326, 327, 328], "summary": {"covered_lines": 153, "num_statements": 169, "percent_covered": 86.63594470046083, "percent_covered_display": "87", "missing_lines": 16, "excluded_lines": 2, "percent_statements_covered": 90.53254437869822, "percent_statements_covered_display": "91", "num_branches": 48, "num_partial_branches": 11, "covered_branches": 35, "missing_branches": 13, "percent_branches_covered": 72.91666666666667, "percent_branches_covered_display": "73"}, "missing_lines": [123, 124, 126, 130, 133, 134, 135, 136, 195, 215, 233, 264, 284, 285, 304, 305], "excluded_lines": [20, 21], "executed_branches": [[70, 71], [70, 79], [96, 97], [96, 109], [113, 114], [116, 117], [116, 118], [119, 120], [119, 122], [122, 125], [125, 127], [129, 131], [132, 140], [151, 152], [151, 165], [194, 196], [198, 199], [201, -181], [201, 202], [214, 216], [232, 234], [246, 247], [246, 250], [248, 249], [248, 250], [254, 255], [254, 256], [261, 262], [261, 263], [263, 265], [308, 309], [319, 320], [319, 321], [326, 327], [326, 328]], "missing_branches": [[113, 115], [122, 123], [125, 126], [129, 130], [132, 133], [135, 136], [135, 140], [194, 195], [198, 200], [214, 215], [232, 233], [263, 264], [308, 314]], "functions": {"RHEONICBlockedError.__init__": {"executed_lines": [30, 31], "summary": {"covered_lines": 2, "num_statements": 2, "percent_covered": 100.0, "percent_covered_display": "100", "missing_lines": 0, "excluded_lines": 0, "percent_statements_covered": 100.0, "percent_statements_covered_display": "100", "num_branches": 0, "num_partial_branches": 0, "covered_branches": 0, "missing_branches": 0, "percent_branches_covered": 100.0, "percent_branches_covered_display": "100"}, "missing_lines": [], "excluded_lines": [], "start_line": 29, "executed_branches": [], "missing_branches": []}, "ProtectEngine.__init__": {"executed_lines": [54, 55, 56, 57, 58, 59, 62, 63, 64, 65], "summary": {"covered_lines": 10, "num_statements": 10, "percent_covered": 100.0, "percent_covered_display": "100", "missing_lines": 0, "excluded_lines": 0, "percent_statements_covered": 100.0, "percent_statements_covered_display": "100", "num_branches": 0, "num_partial_branches": 0, "covered_branches": 0, "missing_branches": 0, "percent_branches_covered": 100.0, "percent_branches_covered_display": "100"}, "missing_lines": [], "excluded_lines": [], "start_line": 43, "executed_branches": [], "missing_branches": []}, "ProtectEngine.evaluate": {"executed_lines": [69, 70, 71, 77, 79, 80, 81, 82, 83, 84, 95, 96, 97, 103, 108, 109, 110, 111, 112, 113, 114, 115, 116, 117, 118, 119, 120, 121, 122, 125, 127, 128, 129, 131, 132, 140, 148, 149, 150, 151, 152, 153, 159, 165, 166, 172, 177, 179], "summary": {"covered_lines": 48, "num_statements": 56, "percent_covered": 80.76923076923077, "percent_covered_display": "81", "missing_lines": 8, "excluded_lines": 0, "percent_statements_covered": 85.71428571428571, "percent_statements_covered_display": "86", "num_branches": 22, "num_partial_branches": 5, "covered_branches": 15, "missing_branches": 7, "percent_branches_covered": 68.18181818181819, "percent_branches_covered_display": "68"}, "missing_lines": [123, 124, 126, 130, 133, 134, 135, 136], "excluded_lines": [], "start_line": 67, "executed_branches": [[70, 71], [70, 79], [96, 97], [96, 109], [113, 114], [116, 117], [116, 118], [119, 120], [119, 122], [122, 125], [125, 127], [129, 131], [132, 140], [151, 152], [151, 165]], "missing_branches": [[113, 115], [122, 123], [125, 126], [129, 130], [132, 133], [135, 136], [135, 140]]}, "ProtectEngine.bootstrap": {"executed_lines": [183, 184, 193, 194, 196, 197, 198, 199, 200, 201, 202, 203, 204], "summary": {"covered_lines": 13, "num_statements": 14, "percent_covered": 85.0, "percent_covered_display": "85", "missing_lines": 1, "excluded_lines": 0, "percent_statements_covered": 92.85714285714286, "percent_statements_covered_display": "93", "num_branches": 6, "num_partial_branches": 2, "covered_branches": 4, "missing_branches": 2, "percent_branches_covered": 66.66666666666667, "percent_branches_covered_display": "67"}, "missing_lines": [195], "excluded_lines": [], "start_line": 181, "executed_branches": [[194, 196], [198, 199], [201, -181], [201, 202]], "missing_branches": [[194, 195], [198, 200]]}, "ProtectEngine._post_with_timeout": {"executed_lines": [214, 216, 217, 218, 219, 220, 221, 222, 223], "summary": {"covered_lines": 9, "num_statements": 10, "percent_covered": 83.33333333333333, "percent_covered_display": "83", "missing_lines": 1, "excluded_lines": 0, "percent_statements_covered": 90.0, "percent_statements_covered_display": "90", "num_branches": 2, "num_partial_branches": 1, "covered_branches": 1, "missing_branches": 1, "percent_branches_covered": 50.0, "percent_branches_covered_display": "50"}, "missing_lines": [215], "excluded_lines": [], "start_line": 206, "executed_branches": [[214, 216]], "missing_branches": [[214, 215]]}, "ProtectEngine._get_with_timeout": {"executed_lines": [232, 234, 235, 236, 237, 238, 239, 240, 241], "summary": {"covered_lines": 9, "num_statements": 10, "percent_covered": 83.33333333333333, "percent_covered_display": "83", "missing_lines": 1, "excluded_lines": 0, "percent_statements_covered": 90.0, "percent_statements_covered_display": "90", "num_branches": 2, "num_partial_branches": 1, "covered_branches": 1, "missing_branches": 1, "percent_branches_covered": 50.0, "percent_branches_covered_display": "50"}, "missing_lines": [233], "excluded_lines": [], "start_line": 225, "executed_branches": [[232, 234]], "missing_branches": [[232, 233]]}, "ProtectEngine._parse_json_payload": {"executed_lines": [245, 246, 247, 248, 249, 250], "summary": {"covered_lines": 6, "num_statements": 6, "percent_covered": 100.0, "percent_covered_display": "100", "missing_lines": 0, "excluded_lines": 0, "percent_statements_covered": 100.0, "percent_statements_covered_display": "100", "num_branches": 4, "num_partial_branches": 0, "covered_branches": 4, "missing_branches": 0, "percent_branches_covered": 100.0, "percent_branches_covered_display": "100"}, "missing_lines": [], "excluded_lines": [], "start_line": 243, "executed_branches": [[246, 247], [246, 250], [248, 249], [248, 250]], "missing_branches": []}, "ProtectEngine._fallback_decision": {"executed_lines": [254, 255, 256], "summary": {"covered_lines": 3, "num_statements": 3, "percent_covered": 100.0, "percent_covered_display": "100", "missing_lines": 0, "excluded_lines": 0, "percent_statements_covered": 100.0, "percent_statements_covered_display": "100", "num_branches": 2, "num_partial_branches": 0, "covered_branches": 2, "missing_branches": 0, "percent_branches_covered": 100.0, "percent_branches_covered_display": "100"}, "missing_lines": [], "excluded_lines": [], "start_line": 252, "executed_branches": [[254, 255], [254, 256]], "missing_branches": []}, "ProtectEngine._is_timeout_error": {"executed_lines": [260, 261, 262, 263, 265], "summary": {"covered_lines": 5, "num_statements": 6, "percent_covered": 80.0, "percent_covered_display": "80", "missing_lines": 1, "excluded_lines": 0, "percent_statements_covered": 83.33333333333333, "percent_statements_covered_display": "83", "num_branches": 4, "num_partial_branches": 1, "covered_branches": 3, "missing_branches": 1, "percent_branches_covered": 75.0, "percent_branches_covered_display": "75"}, "missing_lines": [264], "excluded_lines": [], "start_line": 258, "executed_branches": [[261, 262], [261, 263], [263, 265]], "missing_branches": [[263, 264]]}, "ProtectEngine._report_decision_timeout_fire_and_forget": {"executed_lines": [271, 272], "summary": {"covered_lines": 2, "num_statements": 4, "percent_covered": 50.0, "percent_covered_display": "50", "missing_lines": 2, "excluded_lines": 0, "percent_statements_covered": 50.0, "percent_statements_covered_display": "50", "num_branches": 0, "num_partial_branches": 0, "covered_branches": 0, "missing_branches": 0, "percent_branches_covered": 100.0, "percent_branches_covered_display": "100"}, "missing_lines": [284, 285], "excluded_lines": [], "start_line": 267, "executed_branches": [], "missing_branches": []}, "ProtectEngine._report_decision_unavailable_fire_and_forget": {"executed_lines": [291, 292], "summary": {"covered_lines": 2, "num_statements": 4, "percent_covered": 50.0, "percent_covered_display": "50", "missing_lines": 2, "excluded_lines": 0, "percent_statements_covered": 50.0, "percent_statements_covered_display": "50", "num_branches": 0, "num_partial_branches": 0, "covered_branches": 0, "missing_branches": 0, "percent_branches_covered": 100.0, "percent_branches_covered_display": "100"}, "missing_lines": [304, 305], "excluded_lines": [], "start_line": 287, "executed_branches": [], "missing_branches": []}, "ProtectEngine._debug": {"executed_lines": [308, 309, 310, 311, 312, 313, 314], "summary": {"covered_lines": 7, "num_statements": 7, "percent_covered": 88.88888888888889, "percent_covered_display": "89", "missing_lines": 0, "excluded_lines": 0, "percent_statements_covered": 100.0, "percent_statements_covered_display": "100", "num_branches": 2, "num_partial_branches": 1, "covered_branches": 1, "missing_branches": 1, "percent_branches_covered": 50.0, "percent_branches_covered_display": "50"}, "missing_lines": [], "excluded_lines": [], "start_line": 307, "executed_branches": [[308, 309]], "missing_branches": [[308, 314]]}, "_parse_blocked_until_ms": {"executed_lines": [319, 320, 321, 322, 323, 324, 325, 326, 327, 328], "summary": {"covered_lines": 10, "num_statements": 10, "percent_covered": 100.0, "percent_covered_display": "100", "missing_lines": 0, "excluded_lines": 0, "percent_statements_covered": 100.0, "percent_statements_covered_display": "100", "num_branches": 4, "num_partial_branches": 0, "covered_branches": 4, "missing_branches": 0, "percent_branches_covered": 100.0, "percent_branches_covered_display": "100"}, "missing_lines": [], "excluded_lines": [], "start_line": 317, "executed_branches": [[319, 320], [319, 321], [326, 327], [326, 328]], "missing_branches": []}, "": {"executed_lines": [2, 3, 4, 5, 6, 8, 9, 18, 19, 23, 26, 29, 34, 37, 40, 43, 67, 181, 206, 225, 243, 252, 258, 267, 287, 307, 317], "summary": {"covered_lines": 27, "num_statements": 27, "percent_covered": 100.0, "percent_covered_display": "100", "missing_lines": 0, "excluded_lines": 2, "percent_statements_covered": 100.0, "percent_statements_covered_display": "100", "num_branches": 0, "num_partial_branches": 0, "covered_branches": 0, "missing_branches": 0, "percent_branches_covered": 100.0, "percent_branches_covered_display": "100"}, "missing_lines": [], "excluded_lines": [20, 21], "start_line": 1, "executed_branches": [], "missing_branches": []}}, "classes": {"RHEONICBlockedError": {"executed_lines": [30, 31], "summary": {"covered_lines": 2, "num_statements": 2, "percent_covered": 100.0, "percent_covered_display": "100", "missing_lines": 0, "excluded_lines": 0, "percent_statements_covered": 100.0, "percent_statements_covered_display": "100", "num_branches": 0, "num_partial_branches": 0, "covered_branches": 0, "missing_branches": 0, "percent_branches_covered": 100.0, "percent_branches_covered_display": "100"}, "missing_lines": [], "excluded_lines": [], "start_line": 26, "executed_branches": [], "missing_branches": []}, "RHEONICValidationError": {"executed_lines": [], "summary": {"covered_lines": 0, "num_statements": 0, "percent_covered": 100.0, "percent_covered_display": "100", "missing_lines": 0, "excluded_lines": 0, "percent_statements_covered": 100.0, "percent_statements_covered_display": "100", "num_branches": 0, "num_partial_branches": 0, "covered_branches": 0, "missing_branches": 0, "percent_branches_covered": 100.0, "percent_branches_covered_display": "100"}, "missing_lines": [], "excluded_lines": [], "start_line": 34, "executed_branches": [], "missing_branches": []}, "ProtectEngine": {"executed_lines": [54, 55, 56, 57, 58, 59, 62, 63, 64, 65, 69, 70, 71, 77, 79, 80, 81, 82, 83, 84, 95, 96, 97, 103, 108, 109, 110, 111, 112, 113, 114, 115, 116, 117, 118, 119, 120, 121, 122, 125, 127, 128, 129, 131, 132, 140, 148, 149, 150, 151, 152, 153, 159, 165, 166, 172, 177, 179, 183, 184, 193, 194, 196, 197, 198, 199, 200, 201, 202, 203, 204, 214, 216, 217, 218, 219, 220, 221, 222, 223, 232, 234, 235, 236, 237, 238, 239, 240, 241, 245, 246, 247, 248, 249, 250, 254, 255, 256, 260, 261, 262, 263, 265, 271, 272, 291, 292, 308, 309, 310, 311, 312, 313, 314], "summary": {"covered_lines": 114, "num_statements": 130, "percent_covered": 83.33333333333333, "percent_covered_display": "83", "missing_lines": 16, "excluded_lines": 0, "percent_statements_covered": 87.6923076923077, "percent_statements_covered_display": "88", "num_branches": 44, "num_partial_branches": 11, "covered_branches": 31, "missing_branches": 13, "percent_branches_covered": 70.45454545454545, "percent_branches_covered_display": "70"}, "missing_lines": [123, 124, 126, 130, 133, 134, 135, 136, 195, 215, 233, 264, 284, 285, 304, 305], "excluded_lines": [], "start_line": 40, "executed_branches": [[70, 71], [70, 79], [96, 97], [96, 109], [113, 114], [116, 117], [116, 118], [119, 120], [119, 122], [122, 125], [125, 127], [129, 131], [132, 140], [151, 152], [151, 165], [194, 196], [198, 199], [201, -181], [201, 202], [214, 216], [232, 234], [246, 247], [246, 250], [248, 249], [248, 250], [254, 255], [254, 256], [261, 262], [261, 263], [263, 265], [308, 309]], "missing_branches": [[113, 115], [122, 123], [125, 126], [129, 130], [132, 133], [135, 136], [135, 140], [194, 195], [198, 200], [214, 215], [232, 233], [263, 264], [308, 314]]}, "": {"executed_lines": [2, 3, 4, 5, 6, 8, 9, 18, 19, 23, 26, 29, 34, 37, 40, 43, 67, 181, 206, 225, 243, 252, 258, 267, 287, 307, 317, 319, 320, 321, 322, 323, 324, 325, 326, 327, 328], "summary": {"covered_lines": 37, "num_statements": 37, "percent_covered": 100.0, "percent_covered_display": "100", "missing_lines": 0, "excluded_lines": 2, "percent_statements_covered": 100.0, "percent_statements_covered_display": "100", "num_branches": 4, "num_partial_branches": 0, "covered_branches": 4, "missing_branches": 0, "percent_branches_covered": 100.0, "percent_branches_covered_display": "100"}, "missing_lines": [], "excluded_lines": [20, 21], "start_line": 1, "executed_branches": [[319, 320], [319, 321], [326, 327], [326, 328]], "missing_branches": []}}}, "src/rheonic/provider_model_validation.py": {"executed_lines": [1, 2, 5, 6, 7, 8, 10, 11, 13, 14, 15], "summary": {"covered_lines": 11, "num_statements": 11, "percent_covered": 100.0, "percent_covered_display": "100", "missing_lines": 0, "excluded_lines": 0, "percent_statements_covered": 100.0, "percent_statements_covered_display": "100", "num_branches": 6, "num_partial_branches": 0, "covered_branches": 6, "missing_branches": 0, "percent_branches_covered": 100.0, "percent_branches_covered_display": "100"}, "missing_lines": [], "excluded_lines": [], "executed_branches": [[7, 8], [7, 10], [10, 11], [10, 13], [14, -5], [14, 15]], "missing_branches": [], "functions": {"validate_provider_model": {"executed_lines": [6, 7, 8, 10, 11, 13, 14, 15], "summary": {"covered_lines": 8, "num_statements": 8, "percent_covered": 100.0, "percent_covered_display": "100", "missing_lines": 0, "excluded_lines": 0, "percent_statements_covered": 100.0, "percent_statements_covered_display": "100", "num_branches": 6, "num_partial_branches": 0, "covered_branches": 6, "missing_branches": 0, "percent_branches_covered": 100.0, "percent_branches_covered_display": "100"}, "missing_lines": [], "excluded_lines": [], "start_line": 5, "executed_branches": [[7, 8], [7, 10], [10, 11], [10, 13], [14, -5], [14, 15]], "missing_branches": []}, "": {"executed_lines": [1, 2, 5], "summary": {"covered_lines": 3, "num_statements": 3, "percent_covered": 100.0, "percent_covered_display": "100", "missing_lines": 0, "excluded_lines": 0, "percent_statements_covered": 100.0, "percent_statements_covered_display": "100", "num_branches": 0, "num_partial_branches": 0, "covered_branches": 0, "missing_branches": 0, "percent_branches_covered": 100.0, "percent_branches_covered_display": "100"}, "missing_lines": [], "excluded_lines": [], "start_line": 1, "executed_branches": [], "missing_branches": []}}, "classes": {"": {"executed_lines": [1, 2, 5, 6, 7, 8, 10, 11, 13, 14, 15], "summary": {"covered_lines": 11, "num_statements": 11, "percent_covered": 100.0, "percent_covered_display": "100", "missing_lines": 0, "excluded_lines": 0, "percent_statements_covered": 100.0, "percent_statements_covered_display": "100", "num_branches": 6, "num_partial_branches": 0, "covered_branches": 6, "missing_branches": 0, "percent_branches_covered": 100.0, "percent_branches_covered_display": "100"}, "missing_lines": [], "excluded_lines": [], "start_line": 1, "executed_branches": [[7, 8], [7, 10], [10, 11], [10, 13], [14, -5], [14, 15]], "missing_branches": []}}}, "src/rheonic/providers/__init__.py": {"executed_lines": [2, 3, 4, 6], "summary": {"covered_lines": 4, "num_statements": 4, "percent_covered": 100.0, "percent_covered_display": "100", "missing_lines": 0, "excluded_lines": 0, "percent_statements_covered": 100.0, "percent_statements_covered_display": "100", "num_branches": 0, "num_partial_branches": 0, "covered_branches": 0, "missing_branches": 0, "percent_branches_covered": 100.0, "percent_branches_covered_display": "100"}, "missing_lines": [], "excluded_lines": [], "executed_branches": [], "missing_branches": [], "functions": {"": {"executed_lines": [2, 3, 4, 6], "summary": {"covered_lines": 4, "num_statements": 4, "percent_covered": 100.0, "percent_covered_display": "100", "missing_lines": 0, "excluded_lines": 0, "percent_statements_covered": 100.0, "percent_statements_covered_display": "100", "num_branches": 0, "num_partial_branches": 0, "covered_branches": 0, "missing_branches": 0, "percent_branches_covered": 100.0, "percent_branches_covered_display": "100"}, "missing_lines": [], "excluded_lines": [], "start_line": 1, "executed_branches": [], "missing_branches": []}}, "classes": {"": {"executed_lines": [2, 3, 4, 6], "summary": {"covered_lines": 4, "num_statements": 4, "percent_covered": 100.0, "percent_covered_display": "100", "missing_lines": 0, "excluded_lines": 0, "percent_statements_covered": 100.0, "percent_statements_covered_display": "100", "num_branches": 0, "num_partial_branches": 0, "covered_branches": 0, "missing_branches": 0, "percent_branches_covered": 100.0, "percent_branches_covered_display": "100"}, "missing_lines": [], "excluded_lines": [], "start_line": 1, "executed_branches": [], "missing_branches": []}}}, "src/rheonic/providers/anthropic_adapter.py": {"executed_lines": [2, 3, 4, 6, 7, 8, 9, 10, 11, 13, 15, 18, 21, 24, 32, 33, 36, 37, 38, 41, 43, 44, 45, 46, 47, 48, 49, 50, 57, 65, 67, 68, 69, 70, 82, 83, 84, 96, 98, 99, 101, 102, 103, 104, 105, 106, 107, 108, 115, 123, 124, 125, 126, 127, 128, 140, 156, 157, 160, 169, 181, 193, 194, 195, 196, 197, 198, 199, 200, 201, 202, 227, 239, 240, 265, 266, 267, 268, 271, 272, 273, 274, 275, 276, 277, 278, 279, 280, 283, 284, 285, 286, 287, 288, 289, 290, 291, 292, 295, 296, 297, 298, 299, 300, 301, 302, 303, 304, 305, 308, 309, 310, 311, 312, 313, 314, 315, 316, 317, 318, 319, 320, 323, 328, 329, 330, 332, 334, 335, 337, 338, 341, 342, 343, 344, 345, 346, 347, 350, 351, 354, 359, 362, 367, 368, 370, 372, 373], "summary": {"covered_lines": 148, "num_statements": 166, "percent_covered": 85.52631578947368, "percent_covered_display": "86", "missing_lines": 18, "excluded_lines": 0, "percent_statements_covered": 89.1566265060241, "percent_statements_covered_display": "89", "num_branches": 62, "num_partial_branches": 15, "covered_branches": 47, "missing_branches": 15, "percent_branches_covered": 75.80645161290323, "percent_branches_covered_display": "76"}, "missing_lines": [34, 39, 66, 141, 142, 154, 223, 224, 261, 262, 331, 333, 336, 339, 348, 353, 369, 371], "excluded_lines": [], "executed_branches": [[33, 36], [38, 41], [41, 43], [41, 101], [65, 67], [123, 124], [123, 125], [197, 198], [200, 201], [266, 267], [266, 268], [273, 274], [273, 275], [276, 277], [276, 280], [278, 279], [285, 286], [285, 287], [288, 289], [288, 292], [290, 291], [290, 292], [297, 298], [297, 300], [301, 302], [301, 303], [310, 311], [310, 312], [313, 314], [313, 315], [316, 317], [316, 320], [318, 319], [328, 329], [328, 330], [330, 332], [332, 334], [335, 337], [338, 341], [343, 344], [343, 345], [345, 346], [347, 350], [368, 370], [370, 372], [372, -362], [372, 373]], "missing_branches": [[33, 34], [38, 39], [65, 66], [197, 202], [200, 202], [278, 280], [318, 320], [330, 331], [332, 333], [335, 336], [338, 339], [345, 353], [347, 348], [368, 369], [370, 371]], "functions": {"_set_token_estimator_for_tests": {"executed_lines": [21], "summary": {"covered_lines": 1, "num_statements": 1, "percent_covered": 100.0, "percent_covered_display": "100", "missing_lines": 0, "excluded_lines": 0, "percent_statements_covered": 100.0, "percent_statements_covered_display": "100", "num_branches": 0, "num_partial_branches": 0, "covered_branches": 0, "missing_branches": 0, "percent_branches_covered": 100.0, "percent_branches_covered_display": "100"}, "missing_lines": [], "excluded_lines": [], "start_line": 18, "executed_branches": [], "missing_branches": []}, "instrument_anthropic": {"executed_lines": [32, 33, 36, 37, 38, 41, 43, 98, 99, 101, 156, 157], "summary": {"covered_lines": 12, "num_statements": 14, "percent_covered": 80.0, "percent_covered_display": "80", "missing_lines": 2, "excluded_lines": 0, "percent_statements_covered": 85.71428571428571, "percent_statements_covered_display": "86", "num_branches": 6, "num_partial_branches": 2, "covered_branches": 4, "missing_branches": 2, "percent_branches_covered": 66.66666666666667, "percent_branches_covered_display": "67"}, "missing_lines": [34, 39], "excluded_lines": [], "start_line": 24, "executed_branches": [[33, 36], [38, 41], [41, 43], [41, 101]], "missing_branches": [[33, 34], [38, 39]]}, "instrument_anthropic.wrapped_create_async": {"executed_lines": [44, 45, 46, 47, 48, 49, 50, 57, 65, 67, 68, 69, 70, 82, 83, 84, 96], "summary": {"covered_lines": 17, "num_statements": 18, "percent_covered": 90.0, "percent_covered_display": "90", "missing_lines": 1, "excluded_lines": 0, "percent_statements_covered": 94.44444444444444, "percent_statements_covered_display": "94", "num_branches": 2, "num_partial_branches": 1, "covered_branches": 1, "missing_branches": 1, "percent_branches_covered": 50.0, "percent_branches_covered_display": "50"}, "missing_lines": [66], "excluded_lines": [], "start_line": 43, "executed_branches": [[65, 67]], "missing_branches": [[65, 66]]}, "instrument_anthropic.wrapped_create": {"executed_lines": [102, 103, 104, 105, 106, 107, 108, 115, 123, 124, 125, 126, 127, 128, 140], "summary": {"covered_lines": 15, "num_statements": 18, "percent_covered": 85.0, "percent_covered_display": "85", "missing_lines": 3, "excluded_lines": 0, "percent_statements_covered": 83.33333333333333, "percent_statements_covered_display": "83", "num_branches": 2, "num_partial_branches": 0, "covered_branches": 2, "missing_branches": 0, "percent_branches_covered": 100.0, "percent_branches_covered_display": "100"}, "missing_lines": [141, 142, 154], "excluded_lines": [], "start_line": 101, "executed_branches": [[123, 124], [123, 125]], "missing_branches": []}, "_preflight": {"executed_lines": [169], "summary": {"covered_lines": 1, "num_statements": 1, "percent_covered": 100.0, "percent_covered_display": "100", "missing_lines": 0, "excluded_lines": 0, "percent_statements_covered": 100.0, "percent_statements_covered_display": "100", "num_branches": 0, "num_partial_branches": 0, "covered_branches": 0, "missing_branches": 0, "percent_branches_covered": 100.0, "percent_branches_covered_display": "100"}, "missing_lines": [], "excluded_lines": [], "start_line": 160, "executed_branches": [], "missing_branches": []}, "_capture_success": {"executed_lines": [193, 194, 195, 196, 197, 198, 199, 200, 201, 202], "summary": {"covered_lines": 10, "num_statements": 12, "percent_covered": 75.0, "percent_covered_display": "75", "missing_lines": 2, "excluded_lines": 0, "percent_statements_covered": 83.33333333333333, "percent_statements_covered_display": "83", "num_branches": 4, "num_partial_branches": 2, "covered_branches": 2, "missing_branches": 2, "percent_branches_covered": 50.0, "percent_branches_covered_display": "50"}, "missing_lines": [223, 224], "excluded_lines": [], "start_line": 181, "executed_branches": [[197, 198], [200, 201]], "missing_branches": [[197, 202], [200, 202]]}, "_capture_failure": {"executed_lines": [239, 240], "summary": {"covered_lines": 2, "num_statements": 4, "percent_covered": 50.0, "percent_covered_display": "50", "missing_lines": 2, "excluded_lines": 0, "percent_statements_covered": 50.0, "percent_statements_covered_display": "50", "num_branches": 0, "num_partial_branches": 0, "covered_branches": 0, "missing_branches": 0, "percent_branches_covered": 100.0, "percent_branches_covered_display": "100"}, "missing_lines": [261, 262], "excluded_lines": [], "start_line": 227, "executed_branches": [], "missing_branches": []}, "_extract_request_payload": {"executed_lines": [266, 267, 268], "summary": {"covered_lines": 3, "num_statements": 3, "percent_covered": 100.0, "percent_covered_display": "100", "missing_lines": 0, "excluded_lines": 0, "percent_statements_covered": 100.0, "percent_statements_covered_display": "100", "num_branches": 2, "num_partial_branches": 0, "covered_branches": 2, "missing_branches": 0, "percent_branches_covered": 100.0, "percent_branches_covered_display": "100"}, "missing_lines": [], "excluded_lines": [], "start_line": 265, "executed_branches": [[266, 267], [266, 268]], "missing_branches": []}, "_extract_requested_model": {"executed_lines": [272, 273, 274, 275, 276, 277, 278, 279, 280], "summary": {"covered_lines": 9, "num_statements": 9, "percent_covered": 93.33333333333333, "percent_covered_display": "93", "missing_lines": 0, "excluded_lines": 0, "percent_statements_covered": 100.0, "percent_statements_covered_display": "100", "num_branches": 6, "num_partial_branches": 1, "covered_branches": 5, "missing_branches": 1, "percent_branches_covered": 83.33333333333333, "percent_branches_covered_display": "83"}, "missing_lines": [], "excluded_lines": [], "start_line": 271, "executed_branches": [[273, 274], [273, 275], [276, 277], [276, 280], [278, 279]], "missing_branches": [[278, 280]]}, "_extract_max_output_tokens": {"executed_lines": [284, 285, 286, 287, 288, 289, 290, 291, 292], "summary": {"covered_lines": 9, "num_statements": 9, "percent_covered": 100.0, "percent_covered_display": "100", "missing_lines": 0, "excluded_lines": 0, "percent_statements_covered": 100.0, "percent_statements_covered_display": "100", "num_branches": 6, "num_partial_branches": 0, "covered_branches": 6, "missing_branches": 0, "percent_branches_covered": 100.0, "percent_branches_covered_display": "100"}, "missing_lines": [], "excluded_lines": [], "start_line": 283, "executed_branches": [[285, 286], [285, 287], [288, 289], [288, 292], [290, 291], [290, 292]], "missing_branches": []}, "_estimate_input_tokens": {"executed_lines": [296, 297, 298, 299, 300, 301, 302, 303, 304, 305], "summary": {"covered_lines": 10, "num_statements": 10, "percent_covered": 100.0, "percent_covered_display": "100", "missing_lines": 0, "excluded_lines": 0, "percent_statements_covered": 100.0, "percent_statements_covered_display": "100", "num_branches": 4, "num_partial_branches": 0, "covered_branches": 4, "missing_branches": 0, "percent_branches_covered": 100.0, "percent_branches_covered_display": "100"}, "missing_lines": [], "excluded_lines": [], "start_line": 295, "executed_branches": [[297, 298], [297, 300], [301, 302], [301, 303]], "missing_branches": []}, "_extract_http_status": {"executed_lines": [309, 310, 311, 312, 313, 314, 315, 316, 317, 318, 319, 320], "summary": {"covered_lines": 12, "num_statements": 12, "percent_covered": 95.0, "percent_covered_display": "95", "missing_lines": 0, "excluded_lines": 0, "percent_statements_covered": 100.0, "percent_statements_covered_display": "100", "num_branches": 8, "num_partial_branches": 1, "covered_branches": 7, "missing_branches": 1, "percent_branches_covered": 87.5, "percent_branches_covered_display": "88"}, "missing_lines": [], "excluded_lines": [], "start_line": 308, "executed_branches": [[310, 311], [310, 312], [313, 314], [313, 315], [316, 317], [316, 320], [318, 319]], "missing_branches": [[318, 320]]}, "_apply_anthropic_clamp": {"executed_lines": [328, 329, 330, 332, 334, 335, 337, 338, 341, 342, 343, 344, 345, 346, 347, 350, 351, 354, 359], "summary": {"covered_lines": 19, "num_statements": 25, "percent_covered": 70.73170731707317, "percent_covered_display": "71", "missing_lines": 6, "excluded_lines": 0, "percent_statements_covered": 76.0, "percent_statements_covered_display": "76", "num_branches": 16, "num_partial_branches": 6, "covered_branches": 10, "missing_branches": 6, "percent_branches_covered": 62.5, "percent_branches_covered_display": "62"}, "missing_lines": [331, 333, 336, 339, 348, 353], "excluded_lines": [], "start_line": 323, "executed_branches": [[328, 329], [328, 330], [330, 332], [332, 334], [335, 337], [338, 341], [343, 344], [343, 345], [345, 346], [347, 350]], "missing_branches": [[330, 331], [332, 333], [335, 336], [338, 339], [345, 353], [347, 348]]}, "_mark_clamp_applied_if_changed": {"executed_lines": [367, 368, 370, 372, 373], "summary": {"covered_lines": 5, "num_statements": 7, "percent_covered": 69.23076923076923, "percent_covered_display": "69", "missing_lines": 2, "excluded_lines": 0, "percent_statements_covered": 71.42857142857143, "percent_statements_covered_display": "71", "num_branches": 6, "num_partial_branches": 2, "covered_branches": 4, "missing_branches": 2, "percent_branches_covered": 66.66666666666667, "percent_branches_covered_display": "67"}, "missing_lines": [369, 371], "excluded_lines": [], "start_line": 362, "executed_branches": [[368, 370], [370, 372], [372, -362], [372, 373]], "missing_branches": [[368, 369], [370, 371]]}, "": {"executed_lines": [2, 3, 4, 6, 7, 8, 9, 10, 11, 13, 15, 18, 24, 160, 181, 227, 265, 271, 283, 295, 308, 323, 362], "summary": {"covered_lines": 23, "num_statements": 23, "percent_covered": 100.0, "percent_covered_display": "100", "missing_lines": 0, "excluded_lines": 0, "percent_statements_covered": 100.0, "percent_statements_covered_display": "100", "num_branches": 0, "num_partial_branches": 0, "covered_branches": 0, "missing_branches": 0, "percent_branches_covered": 100.0, "percent_branches_covered_display": "100"}, "missing_lines": [], "excluded_lines": [], "start_line": 1, "executed_branches": [], "missing_branches": []}}, "classes": {"": {"executed_lines": [2, 3, 4, 6, 7, 8, 9, 10, 11, 13, 15, 18, 21, 24, 32, 33, 36, 37, 38, 41, 43, 44, 45, 46, 47, 48, 49, 50, 57, 65, 67, 68, 69, 70, 82, 83, 84, 96, 98, 99, 101, 102, 103, 104, 105, 106, 107, 108, 115, 123, 124, 125, 126, 127, 128, 140, 156, 157, 160, 169, 181, 193, 194, 195, 196, 197, 198, 199, 200, 201, 202, 227, 239, 240, 265, 266, 267, 268, 271, 272, 273, 274, 275, 276, 277, 278, 279, 280, 283, 284, 285, 286, 287, 288, 289, 290, 291, 292, 295, 296, 297, 298, 299, 300, 3
[...]
, 287], [285, 286], [292, 294], [300, 301], [300, 303], [304, 305], [304, 306], [314, 315], [314, 316], [317, 318], [317, 319], [320, 321], [320, 327], [322, 323], [322, 324], [325, 326], [325, 327], [335, 336], [335, 337], [337, 338], [337, 339], [339, 340], [339, 341], [342, 344], [345, 348], [350, 351], [350, 352], [352, 354], [354, 355], [354, 364], [356, 358], [358, 361], [379, 381], [381, 383], [383, -373], [383, 384]], "missing_branches": [[33, 34], [39, 40], [73, 74], [250, 251], [252, 253], [252, 255], [271, 274], [285, 287], [292, 293], [342, 343], [345, 346], [352, 353], [356, 357], [358, 359], [379, 380], [381, 382]], "functions": {"_set_token_estimator_for_tests": {"executed_lines": [21], "summary": {"covered_lines": 1, "num_statements": 1, "percent_covered": 100.0, "percent_covered_display": "100", "missing_lines": 0, "excluded_lines": 0, "percent_statements_covered": 100.0, "percent_statements_covered_display": "100", "num_branches": 0, "num_partial_branches": 0, "covered_branches": 0, "missing_branches": 0, "percent_branches_covered": 100.0, "percent_branches_covered_display": "100"}, "missing_lines": [], "excluded_lines": [], "start_line": 18, "executed_branches": [], "missing_branches": []}, "instrument_openai": {"executed_lines": [32, 33, 36, 37, 38, 39, 42, 44, 104, 105, 107, 165, 166], "summary": {"covered_lines": 13, "num_statements": 15, "percent_covered": 80.95238095238095, "percent_covered_display": "81", "missing_lines": 2, "excluded_lines": 0, "percent_statements_covered": 86.66666666666667, "percent_statements_covered_display": "87", "num_branches": 6, "num_partial_branches": 2, "covered_branches": 4, "missing_branches": 2, "percent_branches_covered": 66.66666666666667, "percent_branches_covered_display": "67"}, "missing_lines": [34, 40], "excluded_lines": [], "start_line": 24, "executed_branches": [[33, 36], [39, 42], [42, 44], [42, 107]], "missing_branches": [[33, 34], [39, 40]]}, "instrument_openai.wrapped_create_async": {"executed_lines": [46, 47, 48, 49, 50, 51, 52, 59, 73, 75, 76, 77, 78, 89, 90, 91, 102], "summary": {"covered_lines": 17, "num_statements": 18, "percent_covered": 90.0, "percent_covered_display": "90", "missing_lines": 1, "excluded_lines": 0, "percent_statements_covered": 94.44444444444444, "percent_statements_covered_display": "94", "num_branches": 2, "num_partial_branches": 1, "covered_branches": 1, "missing_branches": 1, "percent_branches_covered": 50.0, "percent_branches_covered_display": "50"}, "missing_lines": [74], "excluded_lines": [], "start_line": 44, "executed_branches": [[73, 75]], "missing_branches": [[73, 74]]}, "instrument_openai.wrapped_create": {"executed_lines": [109, 110, 111, 112, 113, 114, 115, 122, 134, 135, 136, 137, 138, 139, 150, 151, 152, 163], "summary": {"covered_lines": 18, "num_statements": 18, "percent_covered": 100.0, "percent_covered_display": "100", "missing_lines": 0, "excluded_lines": 0, "percent_statements_covered": 100.0, "percent_statements_covered_display": "100", "num_branches": 2, "num_partial_branches": 0, "covered_branches": 2, "missing_branches": 0, "percent_branches_covered": 100.0, "percent_branches_covered_display": "100"}, "missing_lines": [], "excluded_lines": [], "start_line": 107, "executed_branches": [[134, 135], [134, 136]], "missing_branches": []}, "_capture_success": {"executed_lines": [181, 182, 183, 184, 185], "summary": {"covered_lines": 5, "num_statements": 7, "percent_covered": 71.42857142857143, "percent_covered_display": "71", "missing_lines": 2, "excluded_lines": 0, "percent_statements_covered": 71.42857142857143, "percent_statements_covered_display": "71", "num_branches": 0, "num_partial_branches": 0, "covered_branches": 0, "missing_branches": 0, "percent_branches_covered": 100.0, "percent_branches_covered_display": "100"}, "missing_lines": [203, 204], "excluded_lines": [], "start_line": 169, "executed_branches": [], "missing_branches": []}, "_capture_failure": {"executed_lines": [219, 220, 221], "summary": {"covered_lines": 3, "num_statements": 5, "percent_covered": 60.0, "percent_covered_display": "60", "missing_lines": 2, "excluded_lines": 0, "percent_statements_covered": 60.0, "percent_statements_covered_display": "60", "num_branches": 0, "num_partial_branches": 0, "covered_branches": 0, "missing_branches": 0, "percent_branches_covered": 100.0, "percent_branches_covered_display": "100"}, "missing_lines": [239, 240], "excluded_lines": [], "start_line": 207, "executed_branches": [], "missing_branches": []}, "_extract_requested_model": {"executed_lines": [245, 246, 247, 249, 250, 255], "summary": {"covered_lines": 6, "num_statements": 9, "percent_covered": 60.0, "percent_covered_display": "60", "missing_lines": 3, "excluded_lines": 0, "percent_statements_covered": 66.66666666666667, "percent_statements_covered_display": "67", "num_branches": 6, "num_partial_branches": 1, "covered_branches": 3, "missing_branches": 3, "percent_branches_covered": 50.0, "percent_branches_covered_display": "50"}, "missing_lines": [251, 252, 253], "excluded_lines": [], "start_line": 243, "executed_branches": [[246, 247], [246, 249], [250, 255]], "missing_branches": [[250, 251], [252, 253], [252, 255]]}, "_extract_http_status": {"executed_lines": [260, 261, 262, 264, 265, 266, 268, 269, 270, 271, 272, 274], "summary": {"covered_lines": 12, "num_statements": 12, "percent_covered": 95.0, "percent_covered_display": "95", "missing_lines": 0, "excluded_lines": 0, "percent_statements_covered": 100.0, "percent_statements_covered_display": "100", "num_branches": 8, "num_partial_branches": 1, "covered_branches": 7, "missing_branches": 1, "percent_branches_covered": 87.5, "percent_branches_covered_display": "88"}, "missing_lines": [], "excluded_lines": [], "start_line": 258, "executed_branches": [[261, 262], [261, 264], [265, 266], [265, 268], [269, 270], [269, 274], [271, 272]], "missing_branches": [[271, 274]]}, "_extract_input_tokens_estimate": {"executed_lines": [279, 280, 281, 282, 283, 284, 285, 286, 287], "summary": {"covered_lines": 9, "num_statements": 9, "percent_covered": 93.33333333333333, "percent_covered_display": "93", "missing_lines": 0, "excluded_lines": 0, "percent_statements_covered": 100.0, "percent_statements_covered_display": "100", "num_branches": 6, "num_partial_branches": 1, "covered_branches": 5, "missing_branches": 1, "percent_branches_covered": 83.33333333333333, "percent_branches_covered_display": "83"}, "missing_lines": [], "excluded_lines": [], "start_line": 277, "executed_branches": [[280, 281], [280, 282], [283, 284], [283, 287], [285, 286]], "missing_branches": [[285, 287]]}, "_extract_request_payload": {"executed_lines": [292, 294], "summary": {"covered_lines": 2, "num_statements": 3, "percent_covered": 60.0, "percent_covered_display": "60", "missing_lines": 1, "excluded_lines": 0, "percent_statements_covered": 66.66666666666667, "percent_statements_covered_display": "67", "num_branches": 2, "num_partial_branches": 1, "covered_branches": 1, "missing_branches": 1, "percent_branches_covered": 50.0, "percent_branches_covered_display": "50"}, "missing_lines": [293], "excluded_lines": [], "start_line": 290, "executed_branches": [[292, 294]], "missing_branches": [[292, 293]]}, "_estimate_input_tokens": {"executed_lines": [299, 300, 301, 302, 303, 304, 305, 306, 307, 308], "summary": {"covered_lines": 10, "num_statements": 10, "percent_covered": 100.0, "percent_covered_display": "100", "missing_lines": 0, "excluded_lines": 0, "percent_statements_covered": 100.0, "percent_statements_covered_display": "100", "num_branches": 4, "num_partial_branches": 0, "covered_branches": 4, "missing_branches": 0, "percent_branches_covered": 100.0, "percent_branches_covered_display": "100"}, "missing_lines": [], "excluded_lines": [], "start_line": 297, "executed_branches": [[300, 301], [300, 303], [304, 305], [304, 306]], "missing_branches": []}, "_extract_max_output_tokens": {"executed_lines": [313, 314, 315, 316, 317, 318, 319, 320, 321, 322, 323, 324, 325, 326, 327], "summary": {"covered_lines": 15, "num_statements": 15, "percent_covered": 100.0, "percent_covered_display": "100", "missing_lines": 0, "excluded_lines": 0, "percent_statements_covered": 100.0, "percent_statements_covered_display": "100", "num_branches": 10, "num_partial_branches": 0, "covered_branches": 10, "missing_branches": 0, "percent_branches_covered": 100.0, "percent_branches_covered_display": "100"}, "missing_lines": [], "excluded_lines": [], "start_line": 311, "executed_branches": [[314, 315], [314, 316], [317, 318], [317, 319], [320, 321], [320, 327], [322, 323], [322, 324], [325, 326], [325, 327]], "missing_branches": []}, "_apply_openai_clamp": {"executed_lines": [335, 336, 337, 338, 339, 340, 341, 342, 344, 345, 348, 349, 350, 351, 352, 354, 355, 356, 358, 361, 362, 364, 365, 370], "summary": {"covered_lines": 24, "num_statements": 29, "percent_covered": 79.59183673469387, "percent_covered_display": "80", "missing_lines": 5, "excluded_lines": 0, "percent_statements_covered": 82.75862068965517, "percent_statements_covered_display": "83", "num_branches": 20, "num_partial_branches": 5, "covered_branches": 15, "missing_branches": 5, "percent_branches_covered": 75.0, "percent_branches_covered_display": "75"}, "missing_lines": [343, 346, 353, 357, 359], "excluded_lines": [], "start_line": 330, "executed_branches": [[335, 336], [335, 337], [337, 338], [337, 339], [339, 340], [339, 341], [342, 344], [345, 348], [350, 351], [350, 352], [352, 354], [354, 355], [354, 364], [356, 358], [358, 361]], "missing_branches": [[342, 343], [345, 346], [352, 353], [356, 357], [358, 359]]}, "_mark_clamp_applied_if_changed": {"executed_lines": [378, 379, 381, 383, 384], "summary": {"covered_lines": 5, "num_statements": 7, "percent_covered": 69.23076923076923, "percent_covered_display": "69", "missing_lines": 2, "excluded_lines": 0, "percent_statements_covered": 71.42857142857143, "percent_statements_covered_display": "71", "num_branches": 6, "num_partial_branches": 2, "covered_branches": 4, "missing_branches": 2, "percent_branches_covered": 66.66666666666667, "percent_branches_covered_display": "67"}, "missing_lines": [380, 382], "excluded_lines": [], "start_line": 373, "executed_branches": [[379, 381], [381, 383], [383, -373], [383, 384]], "missing_branches": [[379, 380], [381, 382]]}, "": {"executed_lines": [2, 3, 4, 6, 7, 8, 9, 10, 11, 13, 15, 18, 24, 169, 207, 243, 258, 277, 290, 297, 311, 330, 373], "summary": {"covered_lines": 23, "num_statements": 23, "percent_covered": 100.0, "percent_covered_display": "100", "missing_lines": 0, "excluded_lines": 0, "percent_statements_covered": 100.0, "percent_statements_covered_display": "100", "num_branches": 0, "num_partial_branches": 0, "covered_branches": 0, "missing_branches": 0, "percent_branches_covered": 100.0, "percent_branches_covered_display": "100"}, "missing_lines": [], "excluded_lines": [], "start_line": 1, "executed_branches": [], "missing_branches": []}}, "classes": {"": {"executed_lines": [2, 3, 4, 6, 7, 8, 9, 10, 11, 13, 15, 18, 21, 24, 32, 33, 36, 37, 38, 39, 42, 44, 46, 47, 48, 49, 50, 51, 52, 59, 73, 75, 76, 77, 78, 89, 90, 91, 102, 104, 105, 107, 109, 110, 111, 112, 113, 114, 115, 122, 134, 135, 136, 137, 138, 139, 150, 151, 152, 163, 165, 166, 169, 181, 182, 183, 184, 185, 207, 219, 220, 221, 243, 245, 246, 247, 249, 250, 255, 258, 260, 261, 262, 264, 265, 266, 268, 269, 270, 271, 272, 274, 277, 279, 280, 281, 282, 283, 284, 285, 286, 287, 290, 292, 294, 297, 299, 300, 301, 302, 303, 304, 305, 306, 307, 308, 311, 313, 314, 315, 316, 317, 318, 319, 320, 321, 322, 323, 324, 325, 326, 327, 330, 335, 336, 337, 338, 339, 340, 341, 342, 344, 345, 348, 349, 350, 351, 352, 354, 355, 356, 358, 361, 362, 364, 365, 370, 373, 378, 379, 381, 383, 384], "summary": {"covered_lines": 163, "num_statements": 181, "percent_covered": 86.56126482213439, "percent_covered_display": "87", "missing_lines": 18, "excluded_lines": 0, "percent_statements_covered": 90.05524861878453, "percent_statements_covered_display": "90", "num_branches": 72, "num_partial_branches": 14, "covered_branches": 56, "missing_branches": 16, "percent_branches_covered": 77.77777777777777, "percent_branches_covered_display": "78"}, "missing_lines": [34, 40, 74, 203, 204, 239, 240, 251, 252, 253, 293, 343, 346, 353, 357, 359, 380, 382], "excluded_lines": [], "start_line": 1, "executed_branches": [[33, 36], [39, 42], [42, 44], [42, 107], [73, 75], [134, 135], [134, 136], [246, 247], [246, 249], [250, 255], [261, 262], [261, 264], [265, 266], [265, 268], [269, 270], [269, 274], [271, 272], [280, 281], [280, 282], [283, 284], [283, 287], [285, 286], [292, 294], [300, 301], [300, 303], [304, 305], [304, 306], [314, 315], [314, 316], [317, 318], [317, 319], [320, 321], [320, 327], [322, 323], [322, 324], [325, 326], [325, 327], [335, 336], [335, 337], [337, 338], [337, 339], [339, 340], [339, 341], [342, 344], [345, 348], [350, 351], [350, 352], [352, 354], [354, 355], [354, 364], [356, 358], [358, 361], [379, 381], [381, 383], [383, -373], [383, 384]], "missing_branches": [[33, 34], [39, 40], [73, 74], [250, 251], [252, 253], [252, 255], [271, 274], [285, 287], [292, 293], [342, 343], [345, 346], [352, 353], [356, 357], [358, 359], [379, 380], [381, 382]]}}}, "src/rheonic/token_estimator.py": {"executed_lines": [2, 4, 5, 7, 9, 10, 14, 16, 19, 21, 22, 27, 29, 30, 31, 32, 33, 34, 36, 37, 38, 41, 42, 43, 44, 45, 46, 47, 48, 49, 50, 51, 52, 53, 54, 55, 56, 57, 58, 59, 60, 61, 63, 64, 65, 66, 69, 70, 71, 72, 73, 74, 75, 76, 77, 78, 79, 80, 82, 83, 84, 87, 88, 89, 90, 91], "summary": {"covered_lines": 66, "num_statements": 69, "percent_covered": 94.94949494949495, "percent_covered_display": "95", "missing_lines": 3, "excluded_lines": 2, "percent_statements_covered": 95.65217391304348, "percent_statements_covered_display": "96", "num_branches": 30, "num_partial_branches": 2, "covered_branches": 28, "missing_branches": 2, "percent_branches_covered": 93.33333333333333, "percent_branches_covered_display": "93"}, "missing_lines": [23, 24, 35], "excluded_lines": [11, 12], "executed_branches": [[30, 31], [30, 32], [34, 36], [43, 44], [43, 63], [45, 46], [45, 61], [46, 47], [46, 48], [49, 50], [49, 52], [52, 53], [52, 60], [53, 54], [53, 59], [54, 55], [54, 56], [57, 58], [64, 65], [64, 66], [70, 71], [70, 72], [74, 75], [74, 76], [76, 77], [76, 82], [88, 89], [88, 90]], "missing_branches": [[34, 35], [57, 53]], "functions": {"prewarm_token_estimator": {"executed_lines": [21, 22], "summary": {"covered_lines": 2, "num_statements": 4, "percent_covered": 50.0, "percent_covered_display": "50", "missing_lines": 2, "excluded_lines": 0, "percent_statements_covered": 50.0, "percent_statements_covered_display": "50", "num_branches": 0, "num_partial_branches": 0, "covered_branches": 0, "missing_branches": 0, "percent_branches_covered": 100.0, "percent_branches_covered_display": "100"}, "missing_lines": [23, 24], "excluded_lines": [], "start_line": 19, "executed_branches": [], "missing_branches": []}, "estimate_input_tokens": {"executed_lines": [29, 30, 31, 32, 33, 34, 36, 37, 38], "summary": {"covered_lines": 9, "num_statements": 10, "percent_covered": 85.71428571428571, "percent_covered_display": "86", "missing_lines": 1, "excluded_lines": 0, "percent_statements_covered": 90.0, "percent_statements_covered_display": "90", "num_branches": 4, "num_partial_branches": 1, "covered_branches": 3, "missing_branches": 1, "percent_branches_covered": 75.0, "percent_branches_covered_display": "75"}, "missing_lines": [35], "excluded_lines": [], "start_line": 27, "executed_branches": [[30, 31], [30, 32], [34, 36]], "missing_branches": [[34, 35]]}, "_extract_text": {"executed_lines": [42, 43, 44, 45, 46, 47, 48, 49, 50, 51, 52, 53, 54, 55, 56, 57, 58, 59, 60, 61, 63, 64, 65, 66], "summary": {"covered_lines": 24, "num_statements": 24, "percent_covered": 97.61904761904762, "percent_covered_display": "98", "missing_lines": 0, "excluded_lines": 0, "percent_statements_covered": 100.0, "percent_statements_covered_display": "100", "num_branches": 18, "num_partial_branches": 1, "covered_branches": 17, "missing_branches": 1, "percent_branches_covered": 94.44444444444444, "percent_branches_covered_display": "94"}, "missing_lines": [], "excluded_lines": [], "start_line": 41, "executed_branches": [[43, 44], [43, 63], [45, 46], [45, 61], [46, 47], [46, 48], [49, 50], [49, 52], [52, 53], [52, 60], [53, 54], [53, 59], [54, 55], [54, 56], [57, 58], [64, 65], [64, 66]], "missing_branches": [[57, 53]]}, "_get_encoder": {"executed_lines": [70, 71, 72, 73, 74, 75, 76, 77, 78, 79, 80, 82, 83, 84], "summary": {"covered_lines": 14, "num_statements": 14, "percent_covered": 100.0, "percent_covered_display": "100", "missing_lines": 0, "excluded_lines": 0, "percent_statements_covered": 100.0, "percent_statements_covered_display": "100", "num_branches": 6, "num_partial_branches": 0, "covered_branches": 6, "missing_branches": 0, "percent_branches_covered": 100.0, "percent_branches_covered_display": "100"}, "missing_lines": [], "excluded_lines": [], "start_line": 69, "executed_branches": [[70, 71], [70, 72], [74, 75], [74, 76], [76, 77], [76, 82]], "missing_branches": []}, "_estimate_by_chars": {"executed_lines": [88, 89, 90, 91], "summary": {"covered_lines": 4, "num_statements": 4, "percent_covered": 100.0, "percent_covered_display": "100", "missing_lines": 0, "excluded_lines": 0, "percent_statements_covered": 100.0, "percent_statements_covered_display": "100", "num_branches": 2, "num_partial_branches": 0, "covered_branches": 2, "missing_branches": 0, "percent_branches_covered": 100.0, "percent_branches_covered_display": "100"}, "missing_lines": [], "excluded_lines": [], "start_line": 87, "executed_branches": [[88, 89], [88, 90]], "missing_branches": []}, "": {"executed_lines": [2, 4, 5, 7, 9, 10, 14, 16, 19, 27, 41, 69, 87], "summary": {"covered_lines": 13, "num_statements": 13, "percent_covered": 100.0, "percent_covered_display": "100", "missing_lines": 0, "excluded_lines": 2, "percent_statements_covered": 100.0, "percent_statements_covered_display": "100", "num_branches": 0, "num_partial_branches": 0, "covered_branches": 0, "missing_branches": 0, "percent_branches_covered": 100.0, "percent_branches_covered_display": "100"}, "missing_lines": [], "excluded_lines": [11, 12], "start_line": 1, "executed_branches": [], "missing_branches": []}}, "classes": {"": {"executed_lines": [2, 4, 5, 7, 9, 10, 14, 16, 19, 21, 22, 27, 29, 30, 31, 32, 33, 34, 36, 37, 38, 41, 42, 43, 44, 45, 46, 47, 48, 49, 50, 51, 52, 53, 54, 55, 56, 57, 58, 59, 60, 61, 63, 64, 65, 66, 69, 70, 71, 72, 73, 74, 75, 76, 77, 78, 79, 80, 82, 83, 84, 87, 88, 89, 90, 91], "summary": {"covered_lines": 66, "num_statements": 69, "percent_covered": 94.94949494949495, "percent_covered_display": "95", "missing_lines": 3, "excluded_lines": 2, "percent_statements_covered": 95.65217391304348, "percent_statements_covered_display": "96", "num_branches": 30, "num_partial_branches": 2, "covered_branches": 28, "missing_branches": 2, "percent_branches_covered": 93.33333333333333, "percent_branches_covered_display": "93"}, "missing_lines": [23, 24, 35], "excluded_lines": [11, 12], "start_line": 1, "executed_branches": [[30, 31], [30, 32], [34, 36], [43, 44], [43, 63], [45, 46], [45, 61], [46, 47], [46, 48], [49, 50], [49, 52], [52, 53], [52, 60], [53, 54], [53, 59], [54, 55], [54, 56], [57, 58], [64, 65], [64, 66], [70, 71], [70, 72], [74, 75], [74, 76], [76, 77], [76, 82], [88, 89], [88, 90]], "missing_branches": [[34, 35], [57, 53]]}}}}, "totals": {"covered_lines": 1068, "num_statements": 1165, "percent_covered": 88.91063274624918, "percent_covered_display": "89", "missing_lines": 97, "excluded_lines": 18, "percent_statements_covered": 91.67381974248927, "percent_statements_covered_display": "92", "num_branches": 368, "num_partial_branches": 69, "covered_branches": 295, "missing_branches": 73, "percent_branches_covered": 80.16304347826087, "percent_branches_covered_display": "80"}}